Analysis & Synthesis report for guess_number
Mon Jan 03 16:59:58 2022
Quartus II Version 8.1 Build 163 10/28/2008 SJ Web Edition


---------------------
; Table of Contents ;
---------------------
  1. Legal Notice
  2. Analysis & Synthesis Summary
  3. Analysis & Synthesis Settings
  4. Analysis & Synthesis Source Files Read
  5. Analysis & Synthesis Resource Usage Summary
  6. Analysis & Synthesis Resource Utilization by Entity
  7. User-Specified and Inferred Latches
  8. General Register Statistics
  9. Inverted Register Statistics
 10. Multiplexer Restructuring Statistics (Restructuring Performed)
 11. Parameter Settings for Inferred Entity Instance: lpm_divide:Mod3
 12. Parameter Settings for Inferred Entity Instance: lpm_divide:Mod4
 13. Parameter Settings for Inferred Entity Instance: lpm_divide:Mod5
 14. Parameter Settings for Inferred Entity Instance: lpm_divide:Mod0
 15. Parameter Settings for Inferred Entity Instance: lpm_divide:Mod1
 16. Parameter Settings for Inferred Entity Instance: lpm_divide:Mod2
 17. Parameter Settings for Inferred Entity Instance: lpm_divide:Mod6
 18. Parameter Settings for Inferred Entity Instance: lpm_divide:Mod7
 19. Parameter Settings for Inferred Entity Instance: lpm_divide:Mod8
 20. Parameter Settings for Inferred Entity Instance: lpm_divide:Mod9
 21. Analysis & Synthesis Messages
 22. Analysis & Synthesis Suppressed Messages



----------------
; Legal Notice ;
----------------
Copyright (C) 1991-2008 Altera Corporation
Your use of Altera Corporation's design tools, logic functions 
and other software and tools, and its AMPP partner logic 
functions, and any output files from any of the foregoing 
(including device programming or simulation files), and any 
associated documentation or information are expressly subject 
to the terms and conditions of the Altera Program License 
Subscription Agreement, Altera MegaCore Function License 
Agreement, or other applicable license agreement, including, 
without limitation, that your use is for the sole purpose of 
programming logic devices manufactured by Altera and sold by 
Altera or its authorized distributors.  Please refer to the 
applicable agreement for further details.



+-----------------------------------------------------------------------+
; Analysis & Synthesis Summary                                          ;
+-----------------------------+-----------------------------------------+
; Analysis & Synthesis Status ; Successful - Mon Jan 03 16:59:58 2022   ;
; Quartus II Version          ; 8.1 Build 163 10/28/2008 SJ Web Edition ;
; Revision Name               ; guess_number                            ;
; Top-level Entity Name       ; guess_number                            ;
; Family                      ; MAX II                                  ;
; Total logic elements        ; 533                                     ;
; Total pins                  ; 17                                      ;
; Total virtual pins          ; 0                                       ;
; UFM blocks                  ; 0 / 1 ( 0 % )                           ;
+-----------------------------+-----------------------------------------+


+----------------------------------------------------------------------------------------------------------+
; Analysis & Synthesis Settings                                                                            ;
+----------------------------------------------------------------+--------------------+--------------------+
; Option                                                         ; Setting            ; Default Value      ;
+----------------------------------------------------------------+--------------------+--------------------+
; Device                                                         ; EPM570T144C5       ;                    ;
; Top-level entity name                                          ; guess_number       ; guess_number       ;
; Family name                                                    ; MAX II             ; Stratix II         ;
; Use Generated Physical Constraints File                        ; Off                ;                    ;
; Use smart compilation                                          ; Off                ; Off                ;
; Restructure Multiplexers                                       ; Auto               ; Auto               ;
; Create Debugging Nodes for IP Cores                            ; Off                ; Off                ;
; Preserve fewer node names                                      ; On                 ; On                 ;
; Disable OpenCore Plus hardware evaluation                      ; Off                ; Off                ;
; Verilog Version                                                ; Verilog_2001       ; Verilog_2001       ;
; VHDL Version                                                   ; VHDL93             ; VHDL93             ;
; State Machine Processing                                       ; Auto               ; Auto               ;
; Safe State Machine                                             ; Off                ; Off                ;
; Extract Verilog State Machines                                 ; On                 ; On                 ;
; Extract VHDL State Machines                                    ; On                 ; On                 ;
; Ignore Verilog initial constructs                              ; Off                ; Off                ;
; Iteration limit for constant Verilog loops                     ; 5000               ; 5000               ;
; Iteration limit for non-constant Verilog loops                 ; 250                ; 250                ;
; Add Pass-Through Logic to Inferred RAMs                        ; On                 ; On                 ;
; Parallel Synthesis                                             ; Off                ; Off                ;
; NOT Gate Push-Back                                             ; On                 ; On                 ;
; Power-Up Don't Care                                            ; On                 ; On                 ;
; Remove Redundant Logic Cells                                   ; Off                ; Off                ;
; Remove Duplicate Registers                                     ; On                 ; On                 ;
; Ignore CARRY Buffers                                           ; Off                ; Off                ;
; Ignore CASCADE Buffers                                         ; Off                ; Off                ;
; Ignore GLOBAL Buffers                                          ; Off                ; Off                ;
; Ignore ROW GLOBAL Buffers                                      ; Off                ; Off                ;
; Ignore LCELL Buffers                                           ; Off                ; Off                ;
; Ignore SOFT Buffers                                            ; On                 ; On                 ;
; Limit AHDL Integers to 32 Bits                                 ; Off                ; Off                ;
; Optimization Technique                                         ; Balanced           ; Balanced           ;
; Carry Chain Length                                             ; 70                 ; 70                 ;
; Auto Carry Chains                                              ; On                 ; On                 ;
; Auto Open-Drain Pins                                           ; On                 ; On                 ;
; Perform WYSIWYG Primitive Resynthesis                          ; Off                ; Off                ;
; Perform gate-level register retiming                           ; Off                ; Off                ;
; Allow register retiming to trade off Tsu/Tco with Fmax         ; On                 ; On                 ;
; Auto Shift Register Replacement                                ; Auto               ; Auto               ;
; Auto Clock Enable Replacement                                  ; On                 ; On                 ;
; Allow Synchronous Control Signals                              ; On                 ; On                 ;
; Force Use of Synchronous Clear Signals                         ; Off                ; Off                ;
; Auto Resource Sharing                                          ; Off                ; Off                ;
; Use LogicLock Constraints during Resource Balancing            ; On                 ; On                 ;
; Ignore translate_off and synthesis_off directives              ; Off                ; Off                ;
; Show Parameter Settings Tables in Synthesis Report             ; On                 ; On                 ;
; Ignore Maximum Fan-Out Assignments                             ; Off                ; Off                ;
; Synchronization Register Chain Length                          ; 2                  ; 2                  ;
; PowerPlay Power Optimization                                   ; Normal compilation ; Normal compilation ;
; HDL message level                                              ; Level2             ; Level2             ;
; Suppress Register Optimization Related Messages                ; Off                ; Off                ;
; Number of Removed Registers Reported in Synthesis Report       ; 100                ; 100                ;
; Number of Inverted Registers Reported in Synthesis Report      ; 100                ; 100                ;
; Clock MUX Protection                                           ; On                 ; On                 ;
; Block Design Naming                                            ; Auto               ; Auto               ;
; Synthesis Effort                                               ; Auto               ; Auto               ;
; Allows Asynchronous Clear Usage For Shift Register Replacement ; On                 ; On                 ;
; Analysis & Synthesis Message Level                             ; Medium             ; Medium             ;
+----------------------------------------------------------------+--------------------+--------------------+


+------------------------------------------------------------------------------------------------------------------------------------------------------+
; Analysis & Synthesis Source Files Read                                                                                                               ;
+----------------------------------+-----------------+------------------------------+------------------------------------------------------------------+
; File Name with User-Entered Path ; Used in Netlist ; File Type                    ; File Name with Absolute Path                                     ;
+----------------------------------+-----------------+------------------------------+------------------------------------------------------------------+
; guess_number.v                   ; yes             ; User Verilog HDL File        ; C:/Verilog_Class/guess_number/guess_number.v                     ;
; lpm_divide.tdf                   ; yes             ; Megafunction                 ; c:/altera/81/quartus/libraries/megafunctions/lpm_divide.tdf      ;
; abs_divider.inc                  ; yes             ; Megafunction                 ; c:/altera/81/quartus/libraries/megafunctions/abs_divider.inc     ;
; sign_div_unsign.inc              ; yes             ; Megafunction                 ; c:/altera/81/quartus/libraries/megafunctions/sign_div_unsign.inc ;
; aglobal81.inc                    ; yes             ; Megafunction                 ; c:/altera/81/quartus/libraries/megafunctions/aglobal81.inc       ;
; db/lpm_divide_pnl.tdf            ; yes             ; Auto-Generated Megafunction  ; C:/Verilog_Class/guess_number/db/lpm_divide_pnl.tdf              ;
; db/sign_div_unsign_7kh.tdf       ; yes             ; Auto-Generated Megafunction  ; C:/Verilog_Class/guess_number/db/sign_div_unsign_7kh.tdf         ;
; db/alt_u_div_9ie.tdf             ; yes             ; Auto-Generated Megafunction  ; C:/Verilog_Class/guess_number/db/alt_u_div_9ie.tdf               ;
; db/add_sub_e7c.tdf               ; yes             ; Auto-Generated Megafunction  ; C:/Verilog_Class/guess_number/db/add_sub_e7c.tdf                 ;
; db/add_sub_f7c.tdf               ; yes             ; Auto-Generated Megafunction  ; C:/Verilog_Class/guess_number/db/add_sub_f7c.tdf                 ;
; db/add_sub_g7c.tdf               ; yes             ; Auto-Generated Megafunction  ; C:/Verilog_Class/guess_number/db/add_sub_g7c.tdf                 ;
; db/add_sub_h7c.tdf               ; yes             ; Auto-Generated Megafunction  ; C:/Verilog_Class/guess_number/db/add_sub_h7c.tdf                 ;
; db/lpm_divide_qnl.tdf            ; yes             ; Auto-Generated Megafunction  ; C:/Verilog_Class/guess_number/db/lpm_divide_qnl.tdf              ;
; db/sign_div_unsign_8kh.tdf       ; yes             ; Auto-Generated Megafunction  ; C:/Verilog_Class/guess_number/db/sign_div_unsign_8kh.tdf         ;
; db/alt_u_div_bie.tdf             ; yes             ; Auto-Generated Megafunction  ; C:/Verilog_Class/guess_number/db/alt_u_div_bie.tdf               ;
; db/add_sub_i7c.tdf               ; yes             ; Auto-Generated Megafunction  ; C:/Verilog_Class/guess_number/db/add_sub_i7c.tdf                 ;
+----------------------------------+-----------------+------------------------------+------------------------------------------------------------------+


+-----------------------------------------------------+
; Analysis & Synthesis Resource Usage Summary         ;
+---------------------------------------------+-------+
; Resource                                    ; Usage ;
+---------------------------------------------+-------+
; Total logic elements                        ; 533   ;
;     -- Combinational with no register       ; 462   ;
;     -- Register only                        ; 15    ;
;     -- Combinational with a register        ; 56    ;
;                                             ;       ;
; Logic element usage by number of LUT inputs ;       ;
;     -- 4 input functions                    ; 230   ;
;     -- 3 input functions                    ; 119   ;
;     -- 2 input functions                    ; 112   ;
;     -- 1 input functions                    ; 57    ;
;     -- 0 input functions                    ; 0     ;
;                                             ;       ;
; Logic elements by mode                      ;       ;
;     -- normal mode                          ; 424   ;
;     -- arithmetic mode                      ; 109   ;
;     -- qfbk mode                            ; 0     ;
;     -- register cascade mode                ; 0     ;
;     -- synchronous clear/load mode          ; 0     ;
;     -- asynchronous clear/load mode         ; 25    ;
;                                             ;       ;
; Total registers                             ; 71    ;
; Total logic cells in carry chains           ; 143   ;
; I/O pins                                    ; 17    ;
; Maximum fan-out node                        ; reset ;
; Maximum fan-out                             ; 51    ;
; Total fan-out                               ; 1701  ;
; Average fan-out                             ; 3.09  ;
+---------------------------------------------+-------+


+--------------------------------------------------------------------------------------------------------------------------------------------------------------------------------------------------------------------------------------------------------------------------------------------------------------------------------------------------+
; Analysis & Synthesis Resource Utilization by Entity                                                                                                                                                                                                                                                                                              ;
+----------------------------------------+-------------+--------------+------------+------+--------------+--------------+-------------------+------------------+-----------------+------------+-------------------------------------------------------------------------------------------------------------------------------------+--------------+
; Compilation Hierarchy Node             ; Logic Cells ; LC Registers ; UFM Blocks ; Pins ; Virtual Pins ; LUT-Only LCs ; Register-Only LCs ; LUT/Register LCs ; Carry Chain LCs ; Packed LCs ; Full Hierarchy Name                                                                                                                 ; Library Name ;
+----------------------------------------+-------------+--------------+------------+------+--------------+--------------+-------------------+------------------+-----------------+------------+-------------------------------------------------------------------------------------------------------------------------------------+--------------+
; |guess_number                          ; 533 (371)   ; 71           ; 0          ; 17   ; 0            ; 462 (300)    ; 15 (15)           ; 56 (56)          ; 143 (41)        ; 0 (0)      ; |guess_number                                                                                                                       ; work         ;
;    |lpm_divide:Mod0|                   ; 9 (0)       ; 0            ; 0          ; 0    ; 0            ; 9 (0)        ; 0 (0)             ; 0 (0)            ; 6 (0)           ; 0 (0)      ; |guess_number|lpm_divide:Mod0                                                                                                       ; work         ;
;       |lpm_divide_pnl:auto_generated|  ; 9 (0)       ; 0            ; 0          ; 0    ; 0            ; 9 (0)        ; 0 (0)             ; 0 (0)            ; 6 (0)           ; 0 (0)      ; |guess_number|lpm_divide:Mod0|lpm_divide_pnl:auto_generated                                                                         ; work         ;
;          |sign_div_unsign_7kh:divider| ; 9 (0)       ; 0            ; 0          ; 0    ; 0            ; 9 (0)        ; 0 (0)             ; 0 (0)            ; 6 (0)           ; 0 (0)      ; |guess_number|lpm_divide:Mod0|lpm_divide_pnl:auto_generated|sign_div_unsign_7kh:divider                                             ; work         ;
;             |alt_u_div_9ie:divider|    ; 9 (3)       ; 0            ; 0          ; 0    ; 0            ; 9 (3)        ; 0 (0)             ; 0 (0)            ; 6 (0)           ; 0 (0)      ; |guess_number|lpm_divide:Mod0|lpm_divide_pnl:auto_generated|sign_div_unsign_7kh:divider|alt_u_div_9ie:divider                       ; work         ;
;                |add_sub_h7c:add_sub_3| ; 6 (6)       ; 0            ; 0          ; 0    ; 0            ; 6 (6)        ; 0 (0)             ; 0 (0)            ; 6 (6)           ; 0 (0)      ; |guess_number|lpm_divide:Mod0|lpm_divide_pnl:auto_generated|sign_div_unsign_7kh:divider|alt_u_div_9ie:divider|add_sub_h7c:add_sub_3 ; work         ;
;    |lpm_divide:Mod1|                   ; 9 (0)       ; 0            ; 0          ; 0    ; 0            ; 9 (0)        ; 0 (0)             ; 0 (0)            ; 6 (0)           ; 0 (0)      ; |guess_number|lpm_divide:Mod1                                                                                                       ; work         ;
;       |lpm_divide_pnl:auto_generated|  ; 9 (0)       ; 0            ; 0          ; 0    ; 0            ; 9 (0)        ; 0 (0)             ; 0 (0)            ; 6 (0)           ; 0 (0)      ; |guess_number|lpm_divide:Mod1|lpm_divide_pnl:auto_generated                                                                         ; work         ;
;          |sign_div_unsign_7kh:divider| ; 9 (0)       ; 0            ; 0          ; 0    ; 0            ; 9 (0)        ; 0 (0)             ; 0 (0)            ; 6 (0)           ; 0 (0)      ; |guess_number|lpm_divide:Mod1|lpm_divide_pnl:auto_generated|sign_div_unsign_7kh:divider                                             ; work         ;
;             |alt_u_div_9ie:divider|    ; 9 (3)       ; 0            ; 0          ; 0    ; 0            ; 9 (3)        ; 0 (0)             ; 0 (0)            ; 6 (0)           ; 0 (0)      ; |guess_number|lpm_divide:Mod1|lpm_divide_pnl:auto_generated|sign_div_unsign_7kh:divider|alt_u_div_9ie:divider                       ; work         ;
;                |add_sub_h7c:add_sub_3| ; 6 (6)       ; 0            ; 0          ; 0    ; 0            ; 6 (6)        ; 0 (0)             ; 0 (0)            ; 6 (6)           ; 0 (0)      ; |guess_number|lpm_divide:Mod1|lpm_divide_pnl:auto_generated|sign_div_unsign_7kh:divider|alt_u_div_9ie:divider|add_sub_h7c:add_sub_3 ; work         ;
;    |lpm_divide:Mod2|                   ; 19 (0)      ; 0            ; 0          ; 0    ; 0            ; 19 (0)       ; 0 (0)             ; 0 (0)            ; 13 (0)          ; 0 (0)      ; |guess_number|lpm_divide:Mod2                                                                                                       ; work         ;
;       |lpm_divide_qnl:auto_generated|  ; 19 (0)      ; 0            ; 0          ; 0    ; 0            ; 19 (0)       ; 0 (0)             ; 0 (0)            ; 13 (0)          ; 0 (0)      ; |guess_number|lpm_divide:Mod2|lpm_divide_qnl:auto_generated                                                                         ; work         ;
;          |sign_div_unsign_8kh:divider| ; 19 (0)      ; 0            ; 0          ; 0    ; 0            ; 19 (0)       ; 0 (0)             ; 0 (0)            ; 13 (0)          ; 0 (0)      ; |guess_number|lpm_divide:Mod2|lpm_divide_qnl:auto_generated|sign_div_unsign_8kh:divider                                             ; work         ;
;             |alt_u_div_bie:divider|    ; 19 (6)      ; 0            ; 0          ; 0    ; 0            ; 19 (6)       ; 0 (0)             ; 0 (0)            ; 13 (0)          ; 0 (0)      ; |guess_number|lpm_divide:Mod2|lpm_divide_qnl:auto_generated|sign_div_unsign_8kh:divider|alt_u_div_bie:divider                       ; work         ;
;                |add_sub_h7c:add_sub_3| ; 6 (6)       ; 0            ; 0          ; 0    ; 0            ; 6 (6)        ; 0 (0)             ; 0 (0)            ; 6 (6)           ; 0 (0)      ; |guess_number|lpm_divide:Mod2|lpm_divide_qnl:auto_generated|sign_div_unsign_8kh:divider|alt_u_div_bie:divider|add_sub_h7c:add_sub_3 ; work         ;
;                |add_sub_i7c:add_sub_4| ; 7 (7)       ; 0            ; 0          ; 0    ; 0            ; 7 (7)        ; 0 (0)             ; 0 (0)            ; 7 (7)           ; 0 (0)      ; |guess_number|lpm_divide:Mod2|lpm_divide_qnl:auto_generated|sign_div_unsign_8kh:divider|alt_u_div_bie:divider|add_sub_i7c:add_sub_4 ; work         ;
;    |lpm_divide:Mod3|                   ; 9 (0)       ; 0            ; 0          ; 0    ; 0            ; 9 (0)        ; 0 (0)             ; 0 (0)            ; 6 (0)           ; 0 (0)      ; |guess_number|lpm_divide:Mod3                                                                                                       ; work         ;
;       |lpm_divide_pnl:auto_generated|  ; 9 (0)       ; 0            ; 0          ; 0    ; 0            ; 9 (0)        ; 0 (0)             ; 0 (0)            ; 6 (0)           ; 0 (0)      ; |guess_number|lpm_divide:Mod3|lpm_divide_pnl:auto_generated                                                                         ; work         ;
;          |sign_div_unsign_7kh:divider| ; 9 (0)       ; 0            ; 0          ; 0    ; 0            ; 9 (0)        ; 0 (0)             ; 0 (0)            ; 6 (0)           ; 0 (0)      ; |guess_number|lpm_divide:Mod3|lpm_divide_pnl:auto_generated|sign_div_unsign_7kh:divider                                             ; work         ;
;             |alt_u_div_9ie:divider|    ; 9 (3)       ; 0            ; 0          ; 0    ; 0            ; 9 (3)        ; 0 (0)             ; 0 (0)            ; 6 (0)           ; 0 (0)      ; |guess_number|lpm_divide:Mod3|lpm_divide_pnl:auto_generated|sign_div_unsign_7kh:divider|alt_u_div_9ie:divider                       ; work         ;
;                |add_sub_h7c:add_sub_3| ; 6 (6)       ; 0            ; 0          ; 0    ; 0            ; 6 (6)        ; 0 (0)             ; 0 (0)            ; 6 (6)           ; 0 (0)      ; |guess_number|lpm_divide:Mod3|lpm_divide_pnl:auto_generated|sign_div_unsign_7kh:divider|alt_u_div_9ie:divider|add_sub_h7c:add_sub_3 ; work         ;
;    |lpm_divide:Mod4|                   ; 22 (0)      ; 0            ; 0          ; 0    ; 0            ; 22 (0)       ; 0 (0)             ; 0 (0)            ; 13 (0)          ; 0 (0)      ; |guess_number|lpm_divide:Mod4                                                                                                       ; work         ;
;       |lpm_divide_qnl:auto_generated|  ; 22 (0)      ; 0            ; 0          ; 0    ; 0            ; 22 (0)       ; 0 (0)             ; 0 (0)            ; 13 (0)          ; 0 (0)      ; |guess_number|lpm_divide:Mod4|lpm_divide_qnl:auto_generated                                                                         ; work         ;
;          |sign_div_unsign_8kh:divider| ; 22 (0)      ; 0            ; 0          ; 0    ; 0            ; 22 (0)       ; 0 (0)             ; 0 (0)            ; 13 (0)          ; 0 (0)      ; |guess_number|lpm_divide:Mod4|lpm_divide_qnl:auto_generated|sign_div_unsign_8kh:divider                                             ; work         ;
;             |alt_u_div_bie:divider|    ; 22 (9)      ; 0            ; 0          ; 0    ; 0            ; 22 (9)       ; 0 (0)             ; 0 (0)            ; 13 (0)          ; 0 (0)      ; |guess_number|lpm_divide:Mod4|lpm_divide_qnl:auto_generated|sign_div_unsign_8kh:divider|alt_u_div_bie:divider                       ; work         ;
;                |add_sub_h7c:add_sub_3| ; 6 (6)       ; 0            ; 0          ; 0    ; 0            ; 6 (6)        ; 0 (0)             ; 0 (0)            ; 6 (6)           ; 0 (0)      ; |guess_number|lpm_divide:Mod4|lpm_divide_qnl:auto_generated|sign_div_unsign_8kh:divider|alt_u_div_bie:divider|add_sub_h7c:add_sub_3 ; work         ;
;                |add_sub_i7c:add_sub_4| ; 7 (7)       ; 0            ; 0          ; 0    ; 0            ; 7 (7)        ; 0 (0)             ; 0 (0)            ; 7 (7)           ; 0 (0)      ; |guess_number|lpm_divide:Mod4|lpm_divide_qnl:auto_generated|sign_div_unsign_8kh:divider|alt_u_div_bie:divider|add_sub_i7c:add_sub_4 ; work         ;
;    |lpm_divide:Mod5|                   ; 19 (0)      ; 0            ; 0          ; 0    ; 0            ; 19 (0)       ; 0 (0)             ; 0 (0)            ; 13 (0)          ; 0 (0)      ; |guess_number|lpm_divide:Mod5                                                                                                       ; work         ;
;       |lpm_divide_qnl:auto_generated|  ; 19 (0)      ; 0            ; 0          ; 0    ; 0            ; 19 (0)       ; 0 (0)             ; 0 (0)            ; 13 (0)          ; 0 (0)      ; |guess_number|lpm_divide:Mod5|lpm_divide_qnl:auto_generated                                                                         ; work         ;
;          |sign_div_unsign_8kh:divider| ; 19 (0)      ; 0            ; 0          ; 0    ; 0            ; 19 (0)       ; 0 (0)             ; 0 (0)            ; 13 (0)          ; 0 (0)      ; |guess_number|lpm_divide:Mod5|lpm_divide_qnl:auto_generated|sign_div_unsign_8kh:divider                                             ; work         ;
;             |alt_u_div_bie:divider|    ; 19 (6)      ; 0            ; 0          ; 0    ; 0            ; 19 (6)       ; 0 (0)             ; 0 (0)            ; 13 (0)          ; 0 (0)      ; |guess_number|lpm_divide:Mod5|lpm_divide_qnl:auto_generated|sign_div_unsign_8kh:divider|alt_u_div_bie:divider                       ; work         ;
;                |add_sub_h7c:add_sub_3| ; 6 (6)       ; 0            ; 0          ; 0    ; 0            ; 6 (6)        ; 0 (0)             ; 0 (0)            ; 6 (6)           ; 0 (0)      ; |guess_number|lpm_divide:Mod5|lpm_divide_qnl:auto_generated|sign_div_unsign_8kh:divider|alt_u_div_bie:divider|add_sub_h7c:add_sub_3 ; work         ;
;                |add_sub_i7c:add_sub_4| ; 7 (7)       ; 0            ; 0          ; 0    ; 0            ; 7 (7)        ; 0 (0)             ; 0 (0)            ; 7 (7)           ; 0 (0)      ; |guess_number|lpm_divide:Mod5|lpm_divide_qnl:auto_generated|sign_div_unsign_8kh:divider|alt_u_div_bie:divider|add_sub_i7c:add_sub_4 ; work         ;
;    |lpm_divide:Mod6|                   ; 9 (0)       ; 0            ; 0          ; 0    ; 0            ; 9 (0)        ; 0 (0)             ; 0 (0)            ; 6 (0)           ; 0 (0)      ; |guess_number|lpm_divide:Mod6                                                                                                       ; work         ;
;       |lpm_divide_pnl:auto_generated|  ; 9 (0)       ; 0            ; 0          ; 0    ; 0            ; 9 (0)        ; 0 (0)             ; 0 (0)            ; 6 (0)           ; 0 (0)      ; |guess_number|lpm_divide:Mod6|lpm_divide_pnl:auto_generated                                                                         ; work         ;
;          |sign_div_unsign_7kh:divider| ; 9 (0)       ; 0            ; 0          ; 0    ; 0            ; 9 (0)        ; 0 (0)             ; 0 (0)            ; 6 (0)           ; 0 (0)      ; |guess_number|lpm_divide:Mod6|lpm_divide_pnl:auto_generated|sign_div_unsign_7kh:divider                                             ; work         ;
;             |alt_u_div_9ie:divider|    ; 9 (3)       ; 0            ; 0          ; 0    ; 0            ; 9 (3)        ; 0 (0)             ; 0 (0)            ; 6 (0)           ; 0 (0)      ; |guess_number|lpm_divide:Mod6|lpm_divide_pnl:auto_generated|sign_div_unsign_7kh:divider|alt_u_div_9ie:divider                       ; work         ;
;                |add_sub_h7c:add_sub_3| ; 6 (6)       ; 0            ; 0          ; 0    ; 0            ; 6 (6)        ; 0 (0)             ; 0 (0)            ; 6 (6)           ; 0 (0)      ; |guess_number|lpm_divide:Mod6|lpm_divide_pnl:auto_generated|sign_div_unsign_7kh:divider|alt_u_div_9ie:divider|add_sub_h7c:add_sub_3 ; work         ;
;    |lpm_divide:Mod7|                   ; 22 (0)      ; 0            ; 0          ; 0    ; 0            ; 22 (0)       ; 0 (0)             ; 0 (0)            ; 13 (0)          ; 0 (0)      ; |guess_number|lpm_divide:Mod7                                                                                                       ; work         ;
;       |lpm_divide_qnl:auto_generated|  ; 22 (0)      ; 0            ; 0          ; 0    ; 0            ; 22 (0)       ; 0 (0)             ; 0 (0)            ; 13 (0)          ; 0 (0)      ; |guess_number|lpm_divide:Mod7|lpm_divide_qnl:auto_generated                                                                         ; work         ;
;          |sign_div_unsign_8kh:divider| ; 22 (0)      ; 0            ; 0          ; 0    ; 0            ; 22 (0)       ; 0 (0)             ; 0 (0)            ; 13 (0)          ; 0 (0)      ; |guess_number|lpm_divide:Mod7|lpm_divide_qnl:auto_generated|sign_div_unsign_8kh:divider                                             ; work         ;
;             |alt_u_div_bie:divider|    ; 22 (9)      ; 0            ; 0          ; 0    ; 0            ; 22 (9)       ; 0 (0)             ; 0 (0)            ; 13 (0)          ; 0 (0)      ; |guess_number|lpm_divide:Mod7|lpm_divide_qnl:auto_generated|sign_div_unsign_8kh:divider|alt_u_div_bie:divider                       ; work         ;
;                |add_sub_h7c:add_sub_3| ; 6 (6)       ; 0            ; 0          ; 0    ; 0            ; 6 (6)        ; 0 (0)             ; 0 (0)            ; 6 (6)           ; 0 (0)      ; |guess_number|lpm_divide:Mod7|lpm_divide_qnl:auto_generated|sign_div_unsign_8kh:divider|alt_u_div_bie:divider|add_sub_h7c:add_sub_3 ; work         ;
;                |add_sub_i7c:add_sub_4| ; 7 (7)       ; 0            ; 0          ; 0    ; 0            ; 7 (7)        ; 0 (0)             ; 0 (0)            ; 7 (7)           ; 0 (0)      ; |guess_number|lpm_divide:Mod7|lpm_divide_qnl:auto_generated|sign_div_unsign_8kh:divider|alt_u_div_bie:divider|add_sub_i7c:add_sub_4 ; work         ;
;    |lpm_divide:Mod8|                   ; 22 (0)      ; 0            ; 0          ; 0    ; 0            ; 22 (0)       ; 0 (0)             ; 0 (0)            ; 13 (0)          ; 0 (0)      ; |guess_number|lpm_divide:Mod8                                                                                                       ; work         ;
;       |lpm_divide_qnl:auto_generated|  ; 22 (0)      ; 0            ; 0          ; 0    ; 0            ; 22 (0)       ; 0 (0)             ; 0 (0)            ; 13 (0)          ; 0 (0)      ; |guess_number|lpm_divide:Mod8|lpm_divide_qnl:auto_generated                                                                         ; work         ;
;          |sign_div_unsign_8kh:divider| ; 22 (0)      ; 0            ; 0          ; 0    ; 0            ; 22 (0)       ; 0 (0)             ; 0 (0)            ; 13 (0)          ; 0 (0)      ; |guess_number|lpm_divide:Mod8|lpm_divide_qnl:auto_generated|sign_div_unsign_8kh:divider                                             ; work         ;
;             |alt_u_div_bie:divider|    ; 22 (9)      ; 0            ; 0          ; 0    ; 0            ; 22 (9)       ; 0 (0)             ; 0 (0)            ; 13 (0)          ; 0 (0)      ; |guess_number|lpm_divide:Mod8|lpm_divide_qnl:auto_generated|sign_div_unsign_8kh:divider|alt_u_div_bie:divider                       ; work         ;
;                |add_sub_h7c:add_sub_3| ; 6 (6)       ; 0            ; 0          ; 0    ; 0            ; 6 (6)        ; 0 (0)             ; 0 (0)            ; 6 (6)           ; 0 (0)      ; |guess_number|lpm_divide:Mod8|lpm_divide_qnl:auto_generated|sign_div_unsign_8kh:divider|alt_u_div_bie:divider|add_sub_h7c:add_sub_3 ; work         ;
;                |add_sub_i7c:add_sub_4| ; 7 (7)       ; 0            ; 0          ; 0    ; 0            ; 7 (7)        ; 0 (0)             ; 0 (0)            ; 7 (7)           ; 0 (0)      ; |guess_number|lpm_divide:Mod8|lpm_divide_qnl:auto_generated|sign_div_unsign_8kh:divider|alt_u_div_bie:divider|add_sub_i7c:add_sub_4 ; work         ;
;    |lpm_divide:Mod9|                   ; 22 (0)      ; 0            ; 0          ; 0    ; 0            ; 22 (0)       ; 0 (0)             ; 0 (0)            ; 13 (0)          ; 0 (0)      ; |guess_number|lpm_divide:Mod9                                                                                                       ; work         ;
;       |lpm_divide_qnl:auto_generated|  ; 22 (0)      ; 0            ; 0          ; 0    ; 0            ; 22 (0)       ; 0 (0)             ; 0 (0)            ; 13 (0)          ; 0 (0)      ; |guess_number|lpm_divide:Mod9|lpm_divide_qnl:auto_generated                                                                         ; work         ;
;          |sign_div_unsign_8kh:divider| ; 22 (0)      ; 0            ; 0          ; 0    ; 0            ; 22 (0)       ; 0 (0)             ; 0 (0)            ; 13 (0)          ; 0 (0)      ; |guess_number|lpm_divide:Mod9|lpm_divide_qnl:auto_generated|sign_div_unsign_8kh:divider                                             ; work         ;
;             |alt_u_div_bie:divider|    ; 22 (9)      ; 0            ; 0          ; 0    ; 0            ; 22 (9)       ; 0 (0)             ; 0 (0)            ; 13 (0)          ; 0 (0)      ; |guess_number|lpm_divide:Mod9|lpm_divide_qnl:auto_generated|sign_div_unsign_8kh:divider|alt_u_div_bie:divider                       ; work         ;
;                |add_sub_h7c:add_sub_3| ; 6 (6)       ; 0            ; 0          ; 0    ; 0            ; 6 (6)        ; 0 (0)             ; 0 (0)            ; 6 (6)           ; 0 (0)      ; |guess_number|lpm_divide:Mod9|lpm_divide_qnl:auto_generated|sign_div_unsign_8kh:divider|alt_u_div_bie:divider|add_sub_h7c:add_sub_3 ; work         ;
;                |add_sub_i7c:add_sub_4| ; 7 (7)       ; 0            ; 0          ; 0    ; 0            ; 7 (7)        ; 0 (0)             ; 0 (0)            ; 7 (7)           ; 0 (0)      ; |guess_number|lpm_divide:Mod9|lpm_divide_qnl:auto_generated|sign_div_unsign_8kh:divider|alt_u_div_bie:divider|add_sub_i7c:add_sub_4 ; work         ;
+----------------------------------------+-------------+--------------+------------+------+--------------+--------------+-------------------+------------------+-----------------+------------+-------------------------------------------------------------------------------------------------------------------------------------+--------------+
Note: For table entries with two numbers listed, the numbers in parentheses indicate the number of resources of the given type used by the specific entity alone. The numbers listed outside of parentheses indicate the total resources of the given type used by the specific entity and all of its sub-entities in the hierarchy.


+----------------------------------------------------------------------------------------------------+
; User-Specified and Inferred Latches                                                                ;
+-----------------------------------------------------+---------------------+------------------------+
; Latch Name                                          ; Latch Enable Signal ; Free of Timing Hazards ;
+-----------------------------------------------------+---------------------+------------------------+
; a[2][0]                                             ; reset               ; yes                    ;
; a[2][1]                                             ; reset               ; yes                    ;
; a[2][2]                                             ; reset               ; yes                    ;
; a[2][3]                                             ; reset               ; yes                    ;
; a[3][0]                                             ; reset               ; yes                    ;
; a[3][1]                                             ; reset               ; yes                    ;
; a[3][2]                                             ; reset               ; yes                    ;
; a[3][3]                                             ; reset               ; yes                    ;
; a[0][0]                                             ; reset               ; yes                    ;
; a[0][1]                                             ; reset               ; yes                    ;
; a[0][2]                                             ; reset               ; yes                    ;
; a[0][3]                                             ; reset               ; yes                    ;
; a[1][0]                                             ; reset               ; yes                    ;
; a[1][1]                                             ; reset               ; yes                    ;
; a[1][2]                                             ; reset               ; yes                    ;
; a[1][3]                                             ; reset               ; yes                    ;
; lista[1][0]                                         ; reset               ; yes                    ;
; lista[2][0]                                         ; reset               ; yes                    ;
; lista[0][0]                                         ; reset               ; yes                    ;
; lista[3][0]                                         ; reset               ; yes                    ;
; lista[5][0]                                         ; reset               ; yes                    ;
; lista[6][0]                                         ; reset               ; yes                    ;
; lista[4][0]                                         ; reset               ; yes                    ;
; lista[7][0]                                         ; reset               ; yes                    ;
; lista[8][0]                                         ; reset               ; yes                    ;
; lista[9][0]                                         ; reset               ; yes                    ;
; Number of user-specified and inferred latches = 26  ;                     ;                        ;
+-----------------------------------------------------+---------------------+------------------------+
Note: All latches listed above may not be present at the end of synthesis due to various synthesis optimizations.


+------------------------------------------------------+
; General Register Statistics                          ;
+----------------------------------------------+-------+
; Statistic                                    ; Value ;
+----------------------------------------------+-------+
; Total registers                              ; 71    ;
; Number of registers using Synchronous Clear  ; 0     ;
; Number of registers using Synchronous Load   ; 0     ;
; Number of registers using Asynchronous Clear ; 25    ;
; Number of registers using Asynchronous Load  ; 0     ;
; Number of registers using Clock Enable       ; 22    ;
; Number of registers using Preset             ; 0     ;
+----------------------------------------------+-------+


+--------------------------------------------------+
; Inverted Register Statistics                     ;
+----------------------------------------+---------+
; Inverted Register                      ; Fan out ;
+----------------------------------------+---------+
; q[0][0]                                ; 6       ;
; q[2][0]                                ; 7       ;
; q[1][1]                                ; 7       ;
; q[2][1]                                ; 7       ;
; q[3][2]                                ; 5       ;
; Total number of inverted registers = 5 ;         ;
+----------------------------------------+---------+


+------------------------------------------------------------------------------------------------------------------------------------------+
; Multiplexer Restructuring Statistics (Restructuring Performed)                                                                           ;
+--------------------+-----------+---------------+----------------------+------------------------+------------+----------------------------+
; Multiplexer Inputs ; Bus Width ; Baseline Area ; Area if Restructured ; Saving if Restructured ; Registered ; Example Multiplexer Output ;
+--------------------+-----------+---------------+----------------------+------------------------+------------+----------------------------+
; 4:1                ; 3 bits    ; 6 LEs         ; 3 LEs                ; 3 LEs                  ; Yes        ; |guess_number|q[3][3]      ;
; 4:1                ; 2 bits    ; 4 LEs         ; 2 LEs                ; 2 LEs                  ; Yes        ; |guess_number|q[2][3]      ;
; 4:1                ; 3 bits    ; 6 LEs         ; 3 LEs                ; 3 LEs                  ; Yes        ; |guess_number|q[1][3]      ;
; 4:1                ; 3 bits    ; 6 LEs         ; 3 LEs                ; 3 LEs                  ; Yes        ; |guess_number|q[0][3]      ;
; 4:1                ; 2 bits    ; 4 LEs         ; 2 LEs                ; 2 LEs                  ; Yes        ; |guess_number|q[2][0]      ;
; 4:1                ; 4 bits    ; 8 LEs         ; 8 LEs                ; 0 LEs                  ; No         ; |guess_number|Mux9         ;
; 3:1                ; 4 bits    ; 8 LEs         ; 8 LEs                ; 0 LEs                  ; No         ; |guess_number|a~11         ;
; 8:1                ; 3 bits    ; 15 LEs        ; 15 LEs               ; 0 LEs                  ; No         ; |guess_number|Selector1    ;
; 4:1                ; 4 bits    ; 8 LEs         ; 8 LEs                ; 0 LEs                  ; No         ; |guess_number|a~22         ;
+--------------------+-----------+---------------+----------------------+------------------------+------------+----------------------------+


+------------------------------------------------------------------+
; Parameter Settings for Inferred Entity Instance: lpm_divide:Mod3 ;
+------------------------+----------------+------------------------+
; Parameter Name         ; Value          ; Type                   ;
+------------------------+----------------+------------------------+
; LPM_WIDTHN             ; 4              ; Untyped                ;
; LPM_WIDTHD             ; 4              ; Untyped                ;
; LPM_NREPRESENTATION    ; UNSIGNED       ; Untyped                ;
; LPM_DREPRESENTATION    ; UNSIGNED       ; Untyped                ;
; LPM_PIPELINE           ; 0              ; Untyped                ;
; LPM_REMAINDERPOSITIVE  ; TRUE           ; Untyped                ;
; MAXIMIZE_SPEED         ; 5              ; Untyped                ;
; CBXI_PARAMETER         ; lpm_divide_pnl ; Untyped                ;
; CARRY_CHAIN            ; MANUAL         ; Untyped                ;
; OPTIMIZE_FOR_SPEED     ; 5              ; Untyped                ;
; AUTO_CARRY_CHAINS      ; ON             ; AUTO_CARRY             ;
; IGNORE_CARRY_BUFFERS   ; OFF            ; IGNORE_CARRY           ;
; AUTO_CASCADE_CHAINS    ; ON             ; AUTO_CASCADE           ;
; IGNORE_CASCADE_BUFFERS ; OFF            ; IGNORE_CASCADE         ;
+------------------------+----------------+------------------------+
Note: In order to hide this table in the UI and the text report file, please set the "Show Parameter Settings Tables in Synthesis Report" option in "Analysis and Synthesis Settings -> More Settings" to "Off".


+------------------------------------------------------------------+
; Parameter Settings for Inferred Entity Instance: lpm_divide:Mod4 ;
+------------------------+----------------+------------------------+
; Parameter Name         ; Value          ; Type                   ;
+------------------------+----------------+------------------------+
; LPM_WIDTHN             ; 5              ; Untyped                ;
; LPM_WIDTHD             ; 4              ; Untyped                ;
; LPM_NREPRESENTATION    ; UNSIGNED       ; Untyped                ;
; LPM_DREPRESENTATION    ; UNSIGNED       ; Untyped                ;
; LPM_PIPELINE           ; 0              ; Untyped                ;
; LPM_REMAINDERPOSITIVE  ; TRUE           ; Untyped                ;
; MAXIMIZE_SPEED         ; 5              ; Untyped                ;
; CBXI_PARAMETER         ; lpm_divide_qnl ; Untyped                ;
; CARRY_CHAIN            ; MANUAL         ; Untyped                ;
; OPTIMIZE_FOR_SPEED     ; 5              ; Untyped                ;
; AUTO_CARRY_CHAINS      ; ON             ; AUTO_CARRY             ;
; IGNORE_CARRY_BUFFERS   ; OFF            ; IGNORE_CARRY           ;
; AUTO_CASCADE_CHAINS    ; ON             ; AUTO_CASCADE           ;
; IGNORE_CASCADE_BUFFERS ; OFF            ; IGNORE_CASCADE         ;
+------------------------+----------------+------------------------+
Note: In order to hide this table in the UI and the text report file, please set the "Show Parameter Settings Tables in Synthesis Report" option in "Analysis and Synthesis Settings -> More Settings" to "Off".


+------------------------------------------------------------------+
; Parameter Settings for Inferred Entity Instance: lpm_divide:Mod5 ;
+------------------------+----------------+------------------------+
; Parameter Name         ; Value          ; Type                   ;
+------------------------+----------------+------------------------+
; LPM_WIDTHN             ; 5              ; Untyped                ;
; LPM_WIDTHD             ; 4              ; Untyped                ;
; LPM_NREPRESENTATION    ; UNSIGNED       ; Untyped                ;
; LPM_DREPRESENTATION    ; UNSIGNED       ; Untyped                ;
; LPM_PIPELINE           ; 0              ; Untyped                ;
; LPM_REMAINDERPOSITIVE  ; TRUE           ; Untyped                ;
; MAXIMIZE_SPEED         ; 5              ; Untyped                ;
; CBXI_PARAMETER         ; lpm_divide_qnl ; Untyped                ;
; CARRY_CHAIN            ; MANUAL         ; Untyped                ;
; OPTIMIZE_FOR_SPEED     ; 5              ; Untyped                ;
; AUTO_CARRY_CHAINS      ; ON             ; AUTO_CARRY             ;
; IGNORE_CARRY_BUFFERS   ; OFF            ; IGNORE_CARRY           ;
; AUTO_CASCADE_CHAINS    ; ON             ; AUTO_CASCADE           ;
; IGNORE_CASCADE_BUFFERS ; OFF            ; IGNORE_CASCADE         ;
+------------------------+----------------+------------------------+
Note: In order to hide this table in the UI and the text report file, please set the "Show Parameter Settings Tables in Synthesis Report" option in "Analysis and Synthesis Settings -> More Settings" to "Off".


+------------------------------------------------------------------+
; Parameter Settings for Inferred Entity Instance: lpm_divide:Mod0 ;
+------------------------+----------------+------------------------+
; Parameter Name         ; Value          ; Type                   ;
+------------------------+----------------+------------------------+
; LPM_WIDTHN             ; 4              ; Untyped                ;
; LPM_WIDTHD             ; 4              ; Untyped                ;
; LPM_NREPRESENTATION    ; UNSIGNED       ; Untyped                ;
; LPM_DREPRESENTATION    ; UNSIGNED       ; Untyped                ;
; LPM_PIPELINE           ; 0              ; Untyped                ;
; LPM_REMAINDERPOSITIVE  ; TRUE           ; Untyped                ;
; MAXIMIZE_SPEED         ; 5              ; Untyped                ;
; CBXI_PARAMETER         ; lpm_divide_pnl ; Untyped                ;
; CARRY_CHAIN            ; MANUAL         ; Untyped                ;
; OPTIMIZE_FOR_SPEED     ; 5              ; Untyped                ;
; AUTO_CARRY_CHAINS      ; ON             ; AUTO_CARRY             ;
; IGNORE_CARRY_BUFFERS   ; OFF            ; IGNORE_CARRY           ;
; AUTO_CASCADE_CHAINS    ; ON             ; AUTO_CASCADE           ;
; IGNORE_CASCADE_BUFFERS ; OFF            ; IGNORE_CASCADE         ;
+------------------------+----------------+------------------------+
Note: In order to hide this table in the UI and the text report file, please set the "Show Parameter Settings Tables in Synthesis Report" option in "Analysis and Synthesis Settings -> More Settings" to "Off".


+------------------------------------------------------------------+
; Parameter Settings for Inferred Entity Instance: lpm_divide:Mod1 ;
+------------------------+----------------+------------------------+
; Parameter Name         ; Value          ; Type                   ;
+------------------------+----------------+------------------------+
; LPM_WIDTHN             ; 4              ; Untyped                ;
; LPM_WIDTHD             ; 4              ; Untyped                ;
; LPM_NREPRESENTATION    ; UNSIGNED       ; Untyped                ;
; LPM_DREPRESENTATION    ; UNSIGNED       ; Untyped                ;
; LPM_PIPELINE           ; 0              ; Untyped                ;
; LPM_REMAINDERPOSITIVE  ; TRUE           ; Untyped                ;
; MAXIMIZE_SPEED         ; 5              ; Untyped                ;
; CBXI_PARAMETER         ; lpm_divide_pnl ; Untyped                ;
; CARRY_CHAIN            ; MANUAL         ; Untyped                ;
; OPTIMIZE_FOR_SPEED     ; 5              ; Untyped                ;
; AUTO_CARRY_CHAINS      ; ON             ; AUTO_CARRY             ;
; IGNORE_CARRY_BUFFERS   ; OFF            ; IGNORE_CARRY           ;
; AUTO_CASCADE_CHAINS    ; ON             ; AUTO_CASCADE           ;
; IGNORE_CASCADE_BUFFERS ; OFF            ; IGNORE_CASCADE         ;
+------------------------+----------------+------------------------+
Note: In order to hide this table in the UI and the text report file, please set the "Show Parameter Settings Tables in Synthesis Report" option in "Analysis and Synthesis Settings -> More Settings" to "Off".


+------------------------------------------------------------------+
; Parameter Settings for Inferred Entity Instance: lpm_divide:Mod2 ;
+------------------------+----------------+------------------------+
; Parameter Name         ; Value          ; Type                   ;
+------------------------+----------------+------------------------+
; LPM_WIDTHN             ; 5              ; Untyped                ;
; LPM_WIDTHD             ; 4              ; Untyped                ;
; LPM_NREPRESENTATION    ; UNSIGNED       ; Untyped                ;
; LPM_DREPRESENTATION    ; UNSIGNED       ; Untyped                ;
; LPM_PIPELINE           ; 0              ; Untyped                ;
; LPM_REMAINDERPOSITIVE  ; TRUE           ; Untyped                ;
; MAXIMIZE_SPEED         ; 5              ; Untyped                ;
; CBXI_PARAMETER         ; lpm_divide_qnl ; Untyped                ;
; CARRY_CHAIN            ; MANUAL         ; Untyped                ;
; OPTIMIZE_FOR_SPEED     ; 5              ; Untyped                ;
; AUTO_CARRY_CHAINS      ; ON             ; AUTO_CARRY             ;
; IGNORE_CARRY_BUFFERS   ; OFF            ; IGNORE_CARRY           ;
; AUTO_CASCADE_CHAINS    ; ON             ; AUTO_CASCADE           ;
; IGNORE_CASCADE_BUFFERS ; OFF            ; IGNORE_CASCADE         ;
+------------------------+----------------+------------------------+
Note: In order to hide this table in the UI and the text report file, please set the "Show Parameter Settings Tables in Synthesis Report" option in "Analysis and Synthesis Settings -> More Settings" to "Off".


+------------------------------------------------------------------+
; Parameter Settings for Inferred Entity Instance: lpm_divide:Mod6 ;
+------------------------+----------------+------------------------+
; Parameter Name         ; Value          ; Type                   ;
+------------------------+----------------+------------------------+
; LPM_WIDTHN             ; 4              ; Untyped                ;
; LPM_WIDTHD             ; 4              ; Untyped                ;
; LPM_NREPRESENTATION    ; UNSIGNED       ; Untyped                ;
; LPM_DREPRESENTATION    ; UNSIGNED       ; Untyped                ;
; LPM_PIPELINE           ; 0              ; Untyped                ;
; LPM_REMAINDERPOSITIVE  ; TRUE           ; Untyped                ;
; MAXIMIZE_SPEED         ; 5              ; Untyped                ;
; CBXI_PARAMETER         ; lpm_divide_pnl ; Untyped                ;
; CARRY_CHAIN            ; MANUAL         ; Untyped                ;
; OPTIMIZE_FOR_SPEED     ; 5              ; Untyped                ;
; AUTO_CARRY_CHAINS      ; ON             ; AUTO_CARRY             ;
; IGNORE_CARRY_BUFFERS   ; OFF            ; IGNORE_CARRY           ;
; AUTO_CASCADE_CHAINS    ; ON             ; AUTO_CASCADE           ;
; IGNORE_CASCADE_BUFFERS ; OFF            ; IGNORE_CASCADE         ;
+------------------------+----------------+------------------------+
Note: In order to hide this table in the UI and the text report file, please set the "Show Parameter Settings Tables in Synthesis Report" option in "Analysis and Synthesis Settings -> More Settings" to "Off".


+------------------------------------------------------------------+
; Parameter Settings for Inferred Entity Instance: lpm_divide:Mod7 ;
+------------------------+----------------+------------------------+
; Parameter Name         ; Value          ; Type                   ;
+------------------------+----------------+------------------------+
; LPM_WIDTHN             ; 5              ; Untyped                ;
; LPM_WIDTHD             ; 4              ; Untyped                ;
; LPM_NREPRESENTATION    ; UNSIGNED       ; Untyped                ;
; LPM_DREPRESENTATION    ; UNSIGNED       ; Untyped                ;
; LPM_PIPELINE           ; 0              ; Untyped                ;
; LPM_REMAINDERPOSITIVE  ; TRUE           ; Untyped                ;
; MAXIMIZE_SPEED         ; 5              ; Untyped                ;
; CBXI_PARAMETER         ; lpm_divide_qnl ; Untyped                ;
; CARRY_CHAIN            ; MANUAL         ; Untyped                ;
; OPTIMIZE_FOR_SPEED     ; 5              ; Untyped                ;
; AUTO_CARRY_CHAINS      ; ON             ; AUTO_CARRY             ;
; IGNORE_CARRY_BUFFERS   ; OFF            ; IGNORE_CARRY           ;
; AUTO_CASCADE_CHAINS    ; ON             ; AUTO_CASCADE           ;
; IGNORE_CASCADE_BUFFERS ; OFF            ; IGNORE_CASCADE         ;
+------------------------+----------------+------------------------+
Note: In order to hide this table in the UI and the text report file, please set the "Show Parameter Settings Tables in Synthesis Report" option in "Analysis and Synthesis Settings -> More Settings" to "Off".


+------------------------------------------------------------------+
; Parameter Settings for Inferred Entity Instance: lpm_divide:Mod8 ;
+------------------------+----------------+------------------------+
; Parameter Name         ; Value          ; Type                   ;
+------------------------+----------------+------------------------+
; LPM_WIDTHN             ; 5              ; Untyped                ;
; LPM_WIDTHD             ; 4              ; Untyped                ;
; LPM_NREPRESENTATION    ; UNSIGNED       ; Untyped                ;
; LPM_DREPRESENTATION    ; UNSIGNED       ; Untyped                ;
; LPM_PIPELINE           ; 0              ; Untyped                ;
; LPM_REMAINDERPOSITIVE  ; TRUE           ; Untyped                ;
; MAXIMIZE_SPEED         ; 5              ; Untyped                ;
; CBXI_PARAMETER         ; lpm_divide_qnl ; Untyped                ;
; CARRY_CHAIN            ; MANUAL         ; Untyped                ;
; OPTIMIZE_FOR_SPEED     ; 5              ; Untyped                ;
; AUTO_CARRY_CHAINS      ; ON             ; AUTO_CARRY             ;
; IGNORE_CARRY_BUFFERS   ; OFF            ; IGNORE_CARRY           ;
; AUTO_CASCADE_CHAINS    ; ON             ; AUTO_CASCADE           ;
; IGNORE_CASCADE_BUFFERS ; OFF            ; IGNORE_CASCADE         ;
+------------------------+----------------+------------------------+
Note: In order to hide this table in the UI and the text report file, please set the "Show Parameter Settings Tables in Synthesis Report" option in "Analysis and Synthesis Settings -> More Settings" to "Off".


+------------------------------------------------------------------+
; Parameter Settings for Inferred Entity Instance: lpm_divide:Mod9 ;
+------------------------+----------------+------------------------+
; Parameter Name         ; Value          ; Type                   ;
+------------------------+----------------+------------------------+
; LPM_WIDTHN             ; 5              ; Untyped                ;
; LPM_WIDTHD             ; 4              ; Untyped                ;
; LPM_NREPRESENTATION    ; UNSIGNED       ; Untyped                ;
; LPM_DREPRESENTATION    ; UNSIGNED       ; Untyped                ;
; LPM_PIPELINE           ; 0              ; Untyped                ;
; LPM_REMAINDERPOSITIVE  ; TRUE           ; Untyped                ;
; MAXIMIZE_SPEED         ; 5              ; Untyped                ;
; CBXI_PARAMETER         ; lpm_divide_qnl ; Untyped                ;
; CARRY_CHAIN            ; MANUAL         ; Untyped                ;
; OPTIMIZE_FOR_SPEED     ; 5              ; Untyped                ;
; AUTO_CARRY_CHAINS      ; ON             ; AUTO_CARRY             ;
; IGNORE_CARRY_BUFFERS   ; OFF            ; IGNORE_CARRY           ;
; AUTO_CASCADE_CHAINS    ; ON             ; AUTO_CASCADE           ;
; IGNORE_CASCADE_BUFFERS ; OFF            ; IGNORE_CASCADE         ;
+------------------------+----------------+------------------------+
Note: In order to hide this table in the UI and the text report file, please set the "Show Parameter Settings Tables in Synthesis Report" option in "Analysis and Synthesis Settings -> More Settings" to "Off".


+-------------------------------+
; Analysis & Synthesis Messages ;
+-------------------------------+
Info: *******************************************************************
Info: Running Quartus II Analysis & Synthesis
    Info: Version 8.1 Build 163 10/28/2008 SJ Web Edition
    Info: Processing started: Mon Jan 03 16:59:53 2022
Info: Command: quartus_map --read_settings_files=on --write_settings_files=off guess_number -c guess_number
Info: Found 1 design units, including 1 entities, in source file guess_number.v
    Info: Found entity 1: guess_number
Info: Elaborating entity "guess_number" for the top level hierarchy
Warning (10230): Verilog HDL assignment warning at guess_number.v(37): truncated value with size 32 to match size of target (26)
Warning (10230): Verilog HDL assignment warning at guess_number.v(46): truncated value with size 32 to match size of target (16)
Warning (10230): Verilog HDL assignment warning at guess_number.v(62): truncated value with size 32 to match size of target (4)
Warning (10230): Verilog HDL assignment warning at guess_number.v(65): truncated value with size 32 to match size of target (4)
Warning (10230): Verilog HDL assignment warning at guess_number.v(67): truncated value with size 32 to match size of target (4)
Warning (10230): Verilog HDL assignment warning at guess_number.v(70): truncated value with size 32 to match size of target (4)
Warning (10230): Verilog HDL assignment warning at guess_number.v(73): truncated value with size 32 to match size of target (4)
Warning (10230): Verilog HDL assignment warning at guess_number.v(75): truncated value with size 32 to match size of target (4)
Warning (10230): Verilog HDL assignment warning at guess_number.v(79): truncated value with size 32 to match size of target (4)
Warning (10230): Verilog HDL assignment warning at guess_number.v(82): truncated value with size 32 to match size of target (4)
Warning (10230): Verilog HDL assignment warning at guess_number.v(99): truncated value with size 32 to match size of target (4)
Warning (10230): Verilog HDL assignment warning at guess_number.v(106): truncated value with size 32 to match size of target (4)
Warning (10230): Verilog HDL assignment warning at guess_number.v(112): truncated value with size 32 to match size of target (3)
Warning (10230): Verilog HDL assignment warning at guess_number.v(119): truncated value with size 32 to match size of target (3)
Warning (10230): Verilog HDL assignment warning at guess_number.v(121): truncated value with size 32 to match size of target (3)
Warning (10230): Verilog HDL assignment warning at guess_number.v(124): truncated value with size 32 to match size of target (3)
Warning (10230): Verilog HDL assignment warning at guess_number.v(126): truncated value with size 32 to match size of target (3)
Warning (10230): Verilog HDL assignment warning at guess_number.v(129): truncated value with size 32 to match size of target (3)
Warning (10230): Verilog HDL assignment warning at guess_number.v(131): truncated value with size 32 to match size of target (3)
Warning (10230): Verilog HDL assignment warning at guess_number.v(134): truncated value with size 32 to match size of target (3)
Warning (10230): Verilog HDL assignment warning at guess_number.v(136): truncated value with size 32 to match size of target (3)
Warning (10230): Verilog HDL assignment warning at guess_number.v(169): truncated value with size 32 to match size of target (3)
Warning (10235): Verilog HDL Always Construct warning at guess_number.v(200): variable "q1" is read inside the Always Construct but isn't in the Always Construct's Event Control
Warning (10235): Verilog HDL Always Construct warning at guess_number.v(204): variable "q3" is read inside the Always Construct but isn't in the Always Construct's Event Control
Info (10041): Inferred latch for "a[3][0]" at guess_number.v(138)
Info (10041): Inferred latch for "a[3][1]" at guess_number.v(138)
Info (10041): Inferred latch for "a[3][2]" at guess_number.v(138)
Info (10041): Inferred latch for "a[3][3]" at guess_number.v(138)
Info (10041): Inferred latch for "a[2][0]" at guess_number.v(138)
Info (10041): Inferred latch for "a[2][1]" at guess_number.v(138)
Info (10041): Inferred latch for "a[2][2]" at guess_number.v(138)
Info (10041): Inferred latch for "a[2][3]" at guess_number.v(138)
Info (10041): Inferred latch for "a[1][0]" at guess_number.v(138)
Info (10041): Inferred latch for "a[1][1]" at guess_number.v(138)
Info (10041): Inferred latch for "a[1][2]" at guess_number.v(138)
Info (10041): Inferred latch for "a[1][3]" at guess_number.v(138)
Info (10041): Inferred latch for "a[0][0]" at guess_number.v(138)
Info (10041): Inferred latch for "a[0][1]" at guess_number.v(138)
Info (10041): Inferred latch for "a[0][2]" at guess_number.v(138)
Info (10041): Inferred latch for "a[0][3]" at guess_number.v(138)
Info (10041): Inferred latch for "lista[9][0]" at guess_number.v(138)
Info (10041): Inferred latch for "lista[9][1]" at guess_number.v(138)
Info (10041): Inferred latch for "lista[8][0]" at guess_number.v(138)
Info (10041): Inferred latch for "lista[8][1]" at guess_number.v(138)
Info (10041): Inferred latch for "lista[7][0]" at guess_number.v(138)
Info (10041): Inferred latch for "lista[7][1]" at guess_number.v(138)
Info (10041): Inferred latch for "lista[6][0]" at guess_number.v(138)
Info (10041): Inferred latch for "lista[6][1]" at guess_number.v(138)
Info (10041): Inferred latch for "lista[5][0]" at guess_number.v(138)
Info (10041): Inferred latch for "lista[5][1]" at guess_number.v(138)
Info (10041): Inferred latch for "lista[4][0]" at guess_number.v(138)
Info (10041): Inferred latch for "lista[4][1]" at guess_number.v(138)
Info (10041): Inferred latch for "lista[3][0]" at guess_number.v(138)
Info (10041): Inferred latch for "lista[3][1]" at guess_number.v(138)
Info (10041): Inferred latch for "lista[2][0]" at guess_number.v(138)
Info (10041): Inferred latch for "lista[2][1]" at guess_number.v(138)
Info (10041): Inferred latch for "lista[1][0]" at guess_number.v(138)
Info (10041): Inferred latch for "lista[1][1]" at guess_number.v(138)
Info (10041): Inferred latch for "lista[0][0]" at guess_number.v(138)
Info (10041): Inferred latch for "lista[0][1]" at guess_number.v(138)
Info: Inferred 10 megafunctions from design logic
    Info: Inferred divider/modulo megafunction ("lpm_divide") from the following logic: "Mod3"
    Info: Inferred divider/modulo megafunction ("lpm_divide") from the following logic: "Mod4"
    Info: Inferred divider/modulo megafunction ("lpm_divide") from the following logic: "Mod5"
    Info: Inferred divider/modulo megafunction ("lpm_divide") from the following logic: "Mod0"
    Info: Inferred divider/modulo megafunction ("lpm_divide") from the following logic: "Mod1"
    Info: Inferred divider/modulo megafunction ("lpm_divide") from the following logic: "Mod2"
    Info: Inferred divider/modulo megafunction ("lpm_divide") from the following logic: "Mod6"
    Info: Inferred divider/modulo megafunction ("lpm_divide") from the following logic: "Mod7"
    Info: Inferred divider/modulo megafunction ("lpm_divide") from the following logic: "Mod8"
    Info: Inferred divider/modulo megafunction ("lpm_divide") from the following logic: "Mod9"
Info: Elaborated megafunction instantiation "lpm_divide:Mod3"
Info: Instantiated megafunction "lpm_divide:Mod3" with the following parameter:
    Info: Parameter "LPM_WIDTHN" = "4"
    Info: Parameter "LPM_WIDTHD" = "4"
    Info: Parameter "LPM_NREPRESENTATION" = "UNSIGNED"
    Info: Parameter "LPM_DREPRESENTATION" = "UNSIGNED"
Info: Found 1 design units, including 1 entities, in source file db/lpm_divide_pnl.tdf
    Info: Found entity 1: lpm_divide_pnl
Info: Found 1 design units, including 1 entities, in source file db/sign_div_unsign_7kh.tdf
    Info: Found entity 1: sign_div_unsign_7kh
Info: Found 1 design units, including 1 entities, in source file db/alt_u_div_9ie.tdf
    Info: Found entity 1: alt_u_div_9ie
Info: Found 1 design units, including 1 entities, in source file db/add_sub_e7c.tdf
    Info: Found entity 1: add_sub_e7c
Info: Found 1 design units, including 1 entities, in source file db/add_sub_f7c.tdf
    Info: Found entity 1: add_sub_f7c
Info: Found 1 design units, including 1 entities, in source file db/add_sub_g7c.tdf
    Info: Found entity 1: add_sub_g7c
Info: Found 1 design units, including 1 entities, in source file db/add_sub_h7c.tdf
    Info: Found entity 1: add_sub_h7c
Info: Elaborated megafunction instantiation "lpm_divide:Mod4"
Info: Instantiated megafunction "lpm_divide:Mod4" with the following parameter:
    Info: Parameter "LPM_WIDTHN" = "5"
    Info: Parameter "LPM_WIDTHD" = "4"
    Info: Parameter "LPM_NREPRESENTATION" = "UNSIGNED"
    Info: Parameter "LPM_DREPRESENTATION" = "UNSIGNED"
Info: Found 1 design units, including 1 entities, in source file db/lpm_divide_qnl.tdf
    Info: Found entity 1: lpm_divide_qnl
Info: Found 1 design units, including 1 entities, in source file db/sign_div_unsign_8kh.tdf
    Info: Found entity 1: sign_div_unsign_8kh
Info: Found 1 design units, including 1 entities, in source file db/alt_u_div_bie.tdf
    Info: Found entity 1: alt_u_div_bie
Info: Found 1 design units, including 1 entities, in source file db/add_sub_i7c.tdf
    Info: Found entity 1: add_sub_i7c
Warning: Output pins are stuck at VCC or GND
    Warning (13410): Pin "segout[7]" is stuck at VCC
Info: Registers with preset signals will power-up high
Info: Implemented 550 device resources after synthesis - the final resource count might be different
    Info: Implemented 6 input pins
    Info: Implemented 11 output pins
    Info: Implemented 533 logic cells
Info: Generated suppressed messages file C:/Verilog_Class/guess_number/guess_number.map.smsg
Info: Quartus II Analysis & Synthesis was successful. 0 errors, 26 warnings
    Info: Peak virtual memory: 229 megabytes
    Info: Processing ended: Mon Jan 03 16:59:59 2022
    Info: Elapsed time: 00:00:06
    Info: Total CPU time (on all processors): 00:00:05


+------------------------------------------+
; Analysis & Synthesis Suppressed Messages ;
+------------------------------------------+
The suppressed messages can be found in C:/Verilog_Class/guess_number/guess_number.map.smsg.


