Classic Timing Analyzer report for sevenLed
Thu Oct 21 11:32:57 2021
Quartus II Version 8.1 Build 163 10/28/2008 SJ Web Edition


---------------------
; Table of Contents ;
---------------------
  1. Legal Notice
  2. Timing Analyzer Summary
  3. Timing Analyzer Settings
  4. Clock Settings Summary
  5. Clock Setup: 'clk'
  6. tsu
  7. tco
  8. th
  9. Timing Analyzer Messages



----------------
; Legal Notice ;
----------------
Copyright (C) 1991-2008 Altera Corporation
Your use of Altera Corporation's design tools, logic functions 
and other software and tools, and its AMPP partner logic 
functions, and any output files from any of the foregoing 
(including device programming or simulation files), and any 
associated documentation or information are expressly subject 
to the terms and conditions of the Altera Program License 
Subscription Agreement, Altera MegaCore Function License 
Agreement, or other applicable license agreement, including, 
without limitation, that your use is for the sole purpose of 
programming logic devices manufactured by Altera and sold by 
Altera or its authorized distributors.  Please refer to the 
applicable agreement for further details.



+-----------------------------------------------------------------------------------------------------------------------------------------------------------------+
; Timing Analyzer Summary                                                                                                                                         ;
+------------------------------+-------+---------------+----------------------------------+-----------------+--------------+------------+----------+--------------+
; Type                         ; Slack ; Required Time ; Actual Time                      ; From            ; To           ; From Clock ; To Clock ; Failed Paths ;
+------------------------------+-------+---------------+----------------------------------+-----------------+--------------+------------+----------+--------------+
; Worst-case tsu               ; N/A   ; None          ; 0.764 ns                         ; reset           ; clk1         ; --         ; clk      ; 0            ;
; Worst-case tco               ; N/A   ; None          ; 21.682 ns                        ; scanout[1]~reg0 ; segout[1]    ; clk        ; --       ; 0            ;
; Worst-case th                ; N/A   ; None          ; -0.210 ns                        ; reset           ; clk1         ; --         ; clk      ; 0            ;
; Clock Setup: 'clk'           ; N/A   ; None          ; 96.65 MHz ( period = 10.347 ns ) ; cnt_scan[3]     ; cnt_scan[11] ; clk        ; clk      ; 0            ;
; Total number of failed paths ;       ;               ;                                  ;                 ;              ;            ;          ; 0            ;
+------------------------------+-------+---------------+----------------------------------+-----------------+--------------+------------+----------+--------------+


+--------------------------------------------------------------------------------------------------------------------+
; Timing Analyzer Settings                                                                                           ;
+---------------------------------------------------------------------+--------------------+------+----+-------------+
; Option                                                              ; Setting            ; From ; To ; Entity Name ;
+---------------------------------------------------------------------+--------------------+------+----+-------------+
; Device Name                                                         ; EPM570T144C5       ;      ;    ;             ;
; Timing Models                                                       ; Final              ;      ;    ;             ;
; Default hold multicycle                                             ; Same as Multicycle ;      ;    ;             ;
; Cut paths between unrelated clock domains                           ; On                 ;      ;    ;             ;
; Cut off read during write signal paths                              ; On                 ;      ;    ;             ;
; Cut off feedback from I/O pins                                      ; On                 ;      ;    ;             ;
; Report Combined Fast/Slow Timing                                    ; Off                ;      ;    ;             ;
; Ignore Clock Settings                                               ; Off                ;      ;    ;             ;
; Analyze latches as synchronous elements                             ; On                 ;      ;    ;             ;
; Enable Recovery/Removal analysis                                    ; Off                ;      ;    ;             ;
; Enable Clock Latency                                                ; Off                ;      ;    ;             ;
; Use TimeQuest Timing Analyzer                                       ; Off                ;      ;    ;             ;
; Minimum Core Junction Temperature                                   ; 0                  ;      ;    ;             ;
; Maximum Core Junction Temperature                                   ; 85                 ;      ;    ;             ;
; Number of source nodes to report per destination node               ; 10                 ;      ;    ;             ;
; Number of destination nodes to report                               ; 10                 ;      ;    ;             ;
; Number of paths to report                                           ; 200                ;      ;    ;             ;
; Report Minimum Timing Checks                                        ; Off                ;      ;    ;             ;
; Use Fast Timing Models                                              ; Off                ;      ;    ;             ;
; Report IO Paths Separately                                          ; Off                ;      ;    ;             ;
; Perform Multicorner Analysis                                        ; Off                ;      ;    ;             ;
; Reports the worst-case path for each clock domain and analysis      ; Off                ;      ;    ;             ;
; Removes common clock path pessimism (CCPP) during slack computation ; Off                ;      ;    ;             ;
; Output I/O Timing Endpoint                                          ; Near End           ;      ;    ;             ;
+---------------------------------------------------------------------+--------------------+------+----+-------------+


+------------------------------------------------------------------------------------------------------------------------------------------------------------------------------------+
; Clock Settings Summary                                                                                                                                                             ;
+-----------------+--------------------+----------+------------------+---------------+--------------+----------+-----------------------+---------------------+--------+--------------+
; Clock Node Name ; Clock Setting Name ; Type     ; Fmax Requirement ; Early Latency ; Late Latency ; Based on ; Multiply Base Fmax by ; Divide Base Fmax by ; Offset ; Phase offset ;
+-----------------+--------------------+----------+------------------+---------------+--------------+----------+-----------------------+---------------------+--------+--------------+
; clk             ;                    ; User Pin ; None             ; 0.000 ns      ; 0.000 ns     ; --       ; N/A                   ; N/A                 ; N/A    ;              ;
+-----------------+--------------------+----------+------------------+---------------+--------------+----------+-----------------------+---------------------+--------+--------------+


+-----------------------------------------------------------------------------------------------------------------------------------------------------------------------------------------------------------------------------------------+
; Clock Setup: 'clk'                                                                                                                                                                                                                      ;
+-----------------------------------------+-----------------------------------------------------+--------------+--------------+------------+----------+-----------------------------+---------------------------+-------------------------+
; Slack                                   ; Actual fmax (period)                                ; From         ; To           ; From Clock ; To Clock ; Required Setup Relationship ; Required Longest P2P Time ; Actual Longest P2P Time ;
+-----------------------------------------+-----------------------------------------------------+--------------+--------------+------------+----------+-----------------------------+---------------------------+-------------------------+
; N/A                                     ; 96.65 MHz ( period = 10.347 ns )                    ; cnt_scan[3]  ; cnt_scan[11] ; clk        ; clk      ; None                        ; None                      ; 9.638 ns                ;
; N/A                                     ; 97.52 MHz ( period = 10.254 ns )                    ; cnt_scan[3]  ; clk1         ; clk        ; clk      ; None                        ; None                      ; 9.545 ns                ;
; N/A                                     ; 97.53 MHz ( period = 10.253 ns )                    ; cnt_scan[3]  ; cnt_scan[23] ; clk        ; clk      ; None                        ; None                      ; 9.544 ns                ;
; N/A                                     ; 97.54 MHz ( period = 10.252 ns )                    ; cnt_scan[3]  ; cnt_scan[20] ; clk        ; clk      ; None                        ; None                      ; 9.543 ns                ;
; N/A                                     ; 97.56 MHz ( period = 10.250 ns )                    ; cnt_scan[3]  ; cnt_scan[15] ; clk        ; clk      ; None                        ; None                      ; 9.541 ns                ;
; N/A                                     ; 97.64 MHz ( period = 10.242 ns )                    ; cnt_scan[3]  ; cnt_scan[21] ; clk        ; clk      ; None                        ; None                      ; 9.533 ns                ;
; N/A                                     ; 97.74 MHz ( period = 10.231 ns )                    ; cnt_scan[3]  ; cnt_scan[19] ; clk        ; clk      ; None                        ; None                      ; 9.522 ns                ;
; N/A                                     ; 99.47 MHz ( period = 10.053 ns )                    ; cnt_scan[3]  ; cnt_scan[17] ; clk        ; clk      ; None                        ; None                      ; 9.344 ns                ;
; N/A                                     ; 99.47 MHz ( period = 10.053 ns )                    ; cnt_scan[3]  ; cnt_scan[10] ; clk        ; clk      ; None                        ; None                      ; 9.344 ns                ;
; N/A                                     ; 99.51 MHz ( period = 10.049 ns )                    ; cnt_scan[3]  ; cnt_scan[18] ; clk        ; clk      ; None                        ; None                      ; 9.340 ns                ;
; N/A                                     ; 99.56 MHz ( period = 10.044 ns )                    ; cnt_scan[3]  ; cnt_scan[12] ; clk        ; clk      ; None                        ; None                      ; 9.335 ns                ;
; N/A                                     ; 99.58 MHz ( period = 10.042 ns )                    ; cnt_scan[3]  ; cnt_scan[5]  ; clk        ; clk      ; None                        ; None                      ; 9.333 ns                ;
; N/A                                     ; 99.64 MHz ( period = 10.036 ns )                    ; cnt_scan[3]  ; cnt_scan[13] ; clk        ; clk      ; None                        ; None                      ; 9.327 ns                ;
; N/A                                     ; 100.48 MHz ( period = 9.952 ns )                    ; cnt_scan[15] ; cnt_scan[10] ; clk        ; clk      ; None                        ; None                      ; 9.243 ns                ;
; N/A                                     ; 100.49 MHz ( period = 9.951 ns )                    ; cnt_scan[15] ; cnt_scan[17] ; clk        ; clk      ; None                        ; None                      ; 9.242 ns                ;
; N/A                                     ; 100.54 MHz ( period = 9.946 ns )                    ; cnt_scan[15] ; cnt_scan[18] ; clk        ; clk      ; None                        ; None                      ; 9.237 ns                ;
; N/A                                     ; 100.60 MHz ( period = 9.940 ns )                    ; cnt_scan[15] ; cnt_scan[12] ; clk        ; clk      ; None                        ; None                      ; 9.231 ns                ;
; N/A                                     ; 100.63 MHz ( period = 9.937 ns )                    ; cnt_scan[15] ; cnt_scan[5]  ; clk        ; clk      ; None                        ; None                      ; 9.228 ns                ;
; N/A                                     ; 100.66 MHz ( period = 9.934 ns )                    ; cnt_scan[15] ; cnt_scan[13] ; clk        ; clk      ; None                        ; None                      ; 9.225 ns                ;
; N/A                                     ; 103.43 MHz ( period = 9.668 ns )                    ; cnt_scan[15] ; cnt_scan[0]  ; clk        ; clk      ; None                        ; None                      ; 8.959 ns                ;
; N/A                                     ; 105.69 MHz ( period = 9.462 ns )                    ; cnt_scan[15] ; cnt_scan[11] ; clk        ; clk      ; None                        ; None                      ; 8.753 ns                ;
; N/A                                     ; 106.43 MHz ( period = 9.396 ns )                    ; cnt_scan[23] ; cnt_scan[10] ; clk        ; clk      ; None                        ; None                      ; 8.687 ns                ;
; N/A                                     ; 106.44 MHz ( period = 9.395 ns )                    ; cnt_scan[23] ; cnt_scan[17] ; clk        ; clk      ; None                        ; None                      ; 8.686 ns                ;
; N/A                                     ; 106.50 MHz ( period = 9.390 ns )                    ; cnt_scan[23] ; cnt_scan[18] ; clk        ; clk      ; None                        ; None                      ; 8.681 ns                ;
; N/A                                     ; 106.56 MHz ( period = 9.384 ns )                    ; cnt_scan[23] ; cnt_scan[12] ; clk        ; clk      ; None                        ; None                      ; 8.675 ns                ;
; N/A                                     ; 106.60 MHz ( period = 9.381 ns )                    ; cnt_scan[23] ; cnt_scan[5]  ; clk        ; clk      ; None                        ; None                      ; 8.672 ns                ;
; N/A                                     ; 106.63 MHz ( period = 9.378 ns )                    ; cnt_scan[23] ; cnt_scan[13] ; clk        ; clk      ; None                        ; None                      ; 8.669 ns                ;
; N/A                                     ; 108.07 MHz ( period = 9.253 ns )                    ; cnt_scan[5]  ; cnt_scan[11] ; clk        ; clk      ; None                        ; None                      ; 8.544 ns                ;
; N/A                                     ; 109.17 MHz ( period = 9.160 ns )                    ; cnt_scan[5]  ; clk1         ; clk        ; clk      ; None                        ; None                      ; 8.451 ns                ;
; N/A                                     ; 109.18 MHz ( period = 9.159 ns )                    ; cnt_scan[5]  ; cnt_scan[23] ; clk        ; clk      ; None                        ; None                      ; 8.450 ns                ;
; N/A                                     ; 109.19 MHz ( period = 9.158 ns )                    ; cnt_scan[5]  ; cnt_scan[20] ; clk        ; clk      ; None                        ; None                      ; 8.449 ns                ;
; N/A                                     ; 109.22 MHz ( period = 9.156 ns )                    ; cnt_scan[5]  ; cnt_scan[15] ; clk        ; clk      ; None                        ; None                      ; 8.447 ns                ;
; N/A                                     ; 109.31 MHz ( period = 9.148 ns )                    ; cnt_scan[5]  ; cnt_scan[21] ; clk        ; clk      ; None                        ; None                      ; 8.439 ns                ;
; N/A                                     ; 109.45 MHz ( period = 9.137 ns )                    ; cnt_scan[5]  ; cnt_scan[19] ; clk        ; clk      ; None                        ; None                      ; 8.428 ns                ;
; N/A                                     ; 109.55 MHz ( period = 9.128 ns )                    ; cnt_scan[4]  ; cnt_scan[18] ; clk        ; clk      ; None                        ; None                      ; 8.419 ns                ;
; N/A                                     ; 109.75 MHz ( period = 9.112 ns )                    ; cnt_scan[23] ; cnt_scan[0]  ; clk        ; clk      ; None                        ; None                      ; 8.403 ns                ;
; N/A                                     ; 110.80 MHz ( period = 9.025 ns )                    ; cnt_scan[2]  ; cnt_scan[18] ; clk        ; clk      ; None                        ; None                      ; 8.316 ns                ;
; N/A                                     ; 111.27 MHz ( period = 8.987 ns )                    ; cnt_scan[5]  ; cnt_scan[18] ; clk        ; clk      ; None                        ; None                      ; 8.278 ns                ;
; N/A                                     ; 111.43 MHz ( period = 8.974 ns )                    ; cnt_scan[12] ; cnt_scan[18] ; clk        ; clk      ; None                        ; None                      ; 8.265 ns                ;
; N/A                                     ; 111.62 MHz ( period = 8.959 ns )                    ; cnt_scan[5]  ; cnt_scan[17] ; clk        ; clk      ; None                        ; None                      ; 8.250 ns                ;
; N/A                                     ; 111.62 MHz ( period = 8.959 ns )                    ; cnt_scan[5]  ; cnt_scan[10] ; clk        ; clk      ; None                        ; None                      ; 8.250 ns                ;
; N/A                                     ; 111.73 MHz ( period = 8.950 ns )                    ; cnt_scan[5]  ; cnt_scan[12] ; clk        ; clk      ; None                        ; None                      ; 8.241 ns                ;
; N/A                                     ; 111.76 MHz ( period = 8.948 ns )                    ; cnt_scan[5]  ; cnt_scan[5]  ; clk        ; clk      ; None                        ; None                      ; 8.239 ns                ;
; N/A                                     ; 111.83 MHz ( period = 8.942 ns )                    ; cnt_scan[5]  ; cnt_scan[13] ; clk        ; clk      ; None                        ; None                      ; 8.233 ns                ;
; N/A                                     ; 112.28 MHz ( period = 8.906 ns )                    ; cnt_scan[23] ; cnt_scan[11] ; clk        ; clk      ; None                        ; None                      ; 8.197 ns                ;
; N/A                                     ; 112.41 MHz ( period = 8.896 ns )                    ; cnt_scan[6]  ; cnt_scan[18] ; clk        ; clk      ; None                        ; None                      ; 8.187 ns                ;
; N/A                                     ; 112.51 MHz ( period = 8.888 ns )                    ; cnt_scan[1]  ; cnt_scan[18] ; clk        ; clk      ; None                        ; None                      ; 8.179 ns                ;
; N/A                                     ; 112.87 MHz ( period = 8.860 ns )                    ; cnt_scan[8]  ; cnt_scan[18] ; clk        ; clk      ; None                        ; None                      ; 8.151 ns                ;
; N/A                                     ; 113.15 MHz ( period = 8.838 ns )                    ; cnt_scan[7]  ; cnt_scan[18] ; clk        ; clk      ; None                        ; None                      ; 8.129 ns                ;
; N/A                                     ; 113.24 MHz ( period = 8.831 ns )                    ; cnt_scan[3]  ; cnt_scan[22] ; clk        ; clk      ; None                        ; None                      ; 8.122 ns                ;
; N/A                                     ; 113.65 MHz ( period = 8.799 ns )                    ; cnt_scan[4]  ; cnt_scan[22] ; clk        ; clk      ; None                        ; None                      ; 8.090 ns                ;
; N/A                                     ; 114.65 MHz ( period = 8.722 ns )                    ; cnt_scan[4]  ; cnt_scan[19] ; clk        ; clk      ; None                        ; None                      ; 8.013 ns                ;
; N/A                                     ; 114.73 MHz ( period = 8.716 ns )                    ; cnt_scan[15] ; clk1         ; clk        ; clk      ; None                        ; None                      ; 8.007 ns                ;
; N/A                                     ; 114.74 MHz ( period = 8.715 ns )                    ; cnt_scan[24] ; cnt_scan[10] ; clk        ; clk      ; None                        ; None                      ; 8.006 ns                ;
; N/A                                     ; 114.76 MHz ( period = 8.714 ns )                    ; cnt_scan[24] ; cnt_scan[17] ; clk        ; clk      ; None                        ; None                      ; 8.005 ns                ;
; N/A                                     ; 114.82 MHz ( period = 8.709 ns )                    ; cnt_scan[24] ; cnt_scan[18] ; clk        ; clk      ; None                        ; None                      ; 8.000 ns                ;
; N/A                                     ; 114.90 MHz ( period = 8.703 ns )                    ; cnt_scan[24] ; cnt_scan[12] ; clk        ; clk      ; None                        ; None                      ; 7.994 ns                ;
; N/A                                     ; 114.94 MHz ( period = 8.700 ns )                    ; cnt_scan[24] ; cnt_scan[5]  ; clk        ; clk      ; None                        ; None                      ; 7.991 ns                ;
; N/A                                     ; 114.98 MHz ( period = 8.697 ns )                    ; cnt_scan[24] ; cnt_scan[13] ; clk        ; clk      ; None                        ; None                      ; 7.988 ns                ;
; N/A                                     ; 115.00 MHz ( period = 8.696 ns )                    ; cnt_scan[2]  ; cnt_scan[22] ; clk        ; clk      ; None                        ; None                      ; 7.987 ns                ;
; N/A                                     ; 115.37 MHz ( period = 8.668 ns )                    ; cnt_scan[13] ; cnt_scan[18] ; clk        ; clk      ; None                        ; None                      ; 7.959 ns                ;
; N/A                                     ; 115.50 MHz ( period = 8.658 ns )                    ; cnt_scan[5]  ; cnt_scan[22] ; clk        ; clk      ; None                        ; None                      ; 7.949 ns                ;
; N/A                                     ; 115.54 MHz ( period = 8.655 ns )                    ; cnt_scan[3]  ; cnt_scan[0]  ; clk        ; clk      ; None                        ; None                      ; 7.946 ns                ;
; N/A                                     ; 115.54 MHz ( period = 8.655 ns )                    ; cnt_scan[4]  ; cnt_scan[21] ; clk        ; clk      ; None                        ; None                      ; 7.946 ns                ;
; N/A                                     ; 115.67 MHz ( period = 8.645 ns )                    ; cnt_scan[12] ; cnt_scan[22] ; clk        ; clk      ; None                        ; None                      ; 7.936 ns                ;
; N/A                                     ; 116.02 MHz ( period = 8.619 ns )                    ; cnt_scan[2]  ; cnt_scan[19] ; clk        ; clk      ; None                        ; None                      ; 7.910 ns                ;
; N/A                                     ; 116.02 MHz ( period = 8.619 ns )                    ; cnt_scan[4]  ; cnt_scan[10] ; clk        ; clk      ; None                        ; None                      ; 7.910 ns                ;
; N/A                                     ; 116.13 MHz ( period = 8.611 ns )                    ; cnt_scan[4]  ; cnt_scan[13] ; clk        ; clk      ; None                        ; None                      ; 7.902 ns                ;
; N/A                                     ; 116.50 MHz ( period = 8.584 ns )                    ; cnt_scan[4]  ; cnt_scan[23] ; clk        ; clk      ; None                        ; None                      ; 7.875 ns                ;
; N/A                                     ; 116.60 MHz ( period = 8.576 ns )                    ; cnt_scan[4]  ; cnt_scan[17] ; clk        ; clk      ; None                        ; None                      ; 7.867 ns                ;
; N/A                                     ; 116.66 MHz ( period = 8.572 ns )                    ; cnt_scan[9]  ; cnt_scan[18] ; clk        ; clk      ; None                        ; None                      ; 7.863 ns                ;
; N/A                                     ; 116.71 MHz ( period = 8.568 ns )                    ; cnt_scan[12] ; cnt_scan[19] ; clk        ; clk      ; None                        ; None                      ; 7.859 ns                ;
; N/A                                     ; 116.73 MHz ( period = 8.567 ns )                    ; cnt_scan[6]  ; cnt_scan[22] ; clk        ; clk      ; None                        ; None                      ; 7.858 ns                ;
; N/A                                     ; 116.84 MHz ( period = 8.559 ns )                    ; cnt_scan[1]  ; cnt_scan[22] ; clk        ; clk      ; None                        ; None                      ; 7.850 ns                ;
; N/A                                     ; 116.90 MHz ( period = 8.554 ns )                    ; cnt_scan[2]  ; cnt_scan[11] ; clk        ; clk      ; None                        ; None                      ; 7.845 ns                ;
; N/A                                     ; 116.93 MHz ( period = 8.552 ns )                    ; cnt_scan[2]  ; cnt_scan[21] ; clk        ; clk      ; None                        ; None                      ; 7.843 ns                ;
; N/A                                     ; 117.03 MHz ( period = 8.545 ns )                    ; cnt_scan[4]  ; cnt_scan[20] ; clk        ; clk      ; None                        ; None                      ; 7.836 ns                ;
; N/A                                     ; 117.18 MHz ( period = 8.534 ns )                    ; cnt_scan[14] ; cnt_scan[18] ; clk        ; clk      ; None                        ; None                      ; 7.825 ns                ;
; N/A                                     ; 117.22 MHz ( period = 8.531 ns )                    ; cnt_scan[8]  ; cnt_scan[22] ; clk        ; clk      ; None                        ; None                      ; 7.822 ns                ;
; N/A                                     ; 117.43 MHz ( period = 8.516 ns )                    ; cnt_scan[2]  ; cnt_scan[10] ; clk        ; clk      ; None                        ; None                      ; 7.807 ns                ;
; N/A                                     ; 117.44 MHz ( period = 8.515 ns )                    ; cnt_scan[3]  ; cnt_scan[16] ; clk        ; clk      ; None                        ; None                      ; 7.806 ns                ;
; N/A                                     ; 117.52 MHz ( period = 8.509 ns )                    ; cnt_scan[7]  ; cnt_scan[22] ; clk        ; clk      ; None                        ; None                      ; 7.800 ns                ;
; N/A                                     ; 117.54 MHz ( period = 8.508 ns )                    ; cnt_scan[2]  ; cnt_scan[13] ; clk        ; clk      ; None                        ; None                      ; 7.799 ns                ;
; N/A                                     ; 117.63 MHz ( period = 8.501 ns )                    ; cnt_scan[12] ; cnt_scan[21] ; clk        ; clk      ; None                        ; None                      ; 7.792 ns                ;
; N/A                                     ; 117.67 MHz ( period = 8.498 ns )                    ; cnt_scan[10] ; cnt_scan[18] ; clk        ; clk      ; None                        ; None                      ; 7.789 ns                ;
; N/A                                     ; 117.79 MHz ( period = 8.490 ns )                    ; cnt_scan[6]  ; cnt_scan[19] ; clk        ; clk      ; None                        ; None                      ; 7.781 ns                ;
; N/A                                     ; 117.88 MHz ( period = 8.483 ns )                    ; cnt_scan[4]  ; cnt_scan[16] ; clk        ; clk      ; None                        ; None                      ; 7.774 ns                ;
; N/A                                     ; 117.90 MHz ( period = 8.482 ns )                    ; cnt_scan[1]  ; cnt_scan[19] ; clk        ; clk      ; None                        ; None                      ; 7.773 ns                ;
; N/A                                     ; 117.91 MHz ( period = 8.481 ns )                    ; cnt_scan[2]  ; cnt_scan[23] ; clk        ; clk      ; None                        ; None                      ; 7.772 ns                ;
; N/A                                     ; 117.92 MHz ( period = 8.480 ns )                    ; cnt_scan[16] ; cnt_scan[18] ; clk        ; clk      ; None                        ; None                      ; 7.771 ns                ;
; N/A                                     ; 117.92 MHz ( period = 8.480 ns )                    ; cnt_scan[6]  ; cnt_scan[11] ; clk        ; clk      ; None                        ; None                      ; 7.771 ns                ;
; N/A                                     ; 118.02 MHz ( period = 8.473 ns )                    ; cnt_scan[2]  ; cnt_scan[17] ; clk        ; clk      ; None                        ; None                      ; 7.764 ns                ;
; N/A                                     ; 118.19 MHz ( period = 8.461 ns )                    ; cnt_scan[2]  ; clk1         ; clk        ; clk      ; None                        ; None                      ; 7.752 ns                ;
; N/A                                     ; 118.22 MHz ( period = 8.459 ns )                    ; cnt_scan[2]  ; cnt_scan[20] ; clk        ; clk      ; None                        ; None                      ; 7.750 ns                ;
; N/A                                     ; 118.25 MHz ( period = 8.457 ns )                    ; cnt_scan[2]  ; cnt_scan[15] ; clk        ; clk      ; None                        ; None                      ; 7.748 ns                ;
; N/A                                     ; 118.25 MHz ( period = 8.457 ns )                    ; cnt_scan[12] ; cnt_scan[13] ; clk        ; clk      ; None                        ; None                      ; 7.748 ns                ;
; N/A                                     ; 118.29 MHz ( period = 8.454 ns )                    ; cnt_scan[8]  ; cnt_scan[19] ; clk        ; clk      ; None                        ; None                      ; 7.745 ns                ;
; N/A                                     ; 118.60 MHz ( period = 8.432 ns )                    ; cnt_scan[7]  ; cnt_scan[19] ; clk        ; clk      ; None                        ; None                      ; 7.723 ns                ;
; N/A                                     ; 118.61 MHz ( period = 8.431 ns )                    ; cnt_scan[24] ; cnt_scan[0]  ; clk        ; clk      ; None                        ; None                      ; 7.722 ns                ;
; N/A                                     ; 118.62 MHz ( period = 8.430 ns )                    ; cnt_scan[12] ; cnt_scan[23] ; clk        ; clk      ; None                        ; None                      ; 7.721 ns                ;
; N/A                                     ; 118.72 MHz ( period = 8.423 ns )                    ; cnt_scan[6]  ; cnt_scan[21] ; clk        ; clk      ; None                        ; None                      ; 7.714 ns                ;
; N/A                                     ; 118.74 MHz ( period = 8.422 ns )                    ; cnt_scan[12] ; cnt_scan[17] ; clk        ; clk      ; None                        ; None                      ; 7.713 ns                ;
; N/A                                     ; 118.84 MHz ( period = 8.415 ns )                    ; cnt_scan[1]  ; cnt_scan[21] ; clk        ; clk      ; None                        ; None                      ; 7.706 ns                ;
; N/A                                     ; 118.96 MHz ( period = 8.406 ns )                    ; cnt_scan[17] ; cnt_scan[10] ; clk        ; clk      ; None                        ; None                      ; 7.697 ns                ;
; N/A                                     ; 118.98 MHz ( period = 8.405 ns )                    ; cnt_scan[17] ; cnt_scan[17] ; clk        ; clk      ; None                        ; None                      ; 7.696 ns                ;
; N/A                                     ; 119.05 MHz ( period = 8.400 ns )                    ; cnt_scan[17] ; cnt_scan[18] ; clk        ; clk      ; None                        ; None                      ; 7.691 ns                ;
; N/A                                     ; 119.13 MHz ( period = 8.394 ns )                    ; cnt_scan[17] ; cnt_scan[12] ; clk        ; clk      ; None                        ; None                      ; 7.685 ns                ;
; N/A                                     ; 119.18 MHz ( period = 8.391 ns )                    ; cnt_scan[12] ; cnt_scan[20] ; clk        ; clk      ; None                        ; None                      ; 7.682 ns                ;
; N/A                                     ; 119.18 MHz ( period = 8.391 ns )                    ; cnt_scan[17] ; cnt_scan[5]  ; clk        ; clk      ; None                        ; None                      ; 7.682 ns                ;
; N/A                                     ; 119.19 MHz ( period = 8.390 ns )                    ; cnt_scan[15] ; cnt_scan[23] ; clk        ; clk      ; None                        ; None                      ; 7.681 ns                ;
; N/A                                     ; 119.20 MHz ( period = 8.389 ns )                    ; cnt_scan[15] ; cnt_scan[20] ; clk        ; clk      ; None                        ; None                      ; 7.680 ns                ;
; N/A                                     ; 119.22 MHz ( period = 8.388 ns )                    ; cnt_scan[11] ; cnt_scan[18] ; clk        ; clk      ; None                        ; None                      ; 7.679 ns                ;
; N/A                                     ; 119.22 MHz ( period = 8.388 ns )                    ; cnt_scan[17] ; cnt_scan[13] ; clk        ; clk      ; None                        ; None                      ; 7.679 ns                ;
; N/A                                     ; 119.23 MHz ( period = 8.387 ns )                    ; cnt_scan[6]  ; clk1         ; clk        ; clk      ; None                        ; None                      ; 7.678 ns                ;
; N/A                                     ; 119.23 MHz ( period = 8.387 ns )                    ; cnt_scan[15] ; cnt_scan[15] ; clk        ; clk      ; None                        ; None                      ; 7.678 ns                ;
; N/A                                     ; 119.23 MHz ( period = 8.387 ns )                    ; cnt_scan[8]  ; cnt_scan[21] ; clk        ; clk      ; None                        ; None                      ; 7.678 ns                ;
; N/A                                     ; 119.23 MHz ( period = 8.387 ns )                    ; cnt_scan[6]  ; cnt_scan[10] ; clk        ; clk      ; None                        ; None                      ; 7.678 ns                ;
; N/A                                     ; 119.25 MHz ( period = 8.386 ns )                    ; cnt_scan[6]  ; cnt_scan[23] ; clk        ; clk      ; None                        ; None                      ; 7.677 ns                ;
; N/A                                     ; 119.26 MHz ( period = 8.385 ns )                    ; cnt_scan[6]  ; cnt_scan[20] ; clk        ; clk      ; None                        ; None                      ; 7.676 ns                ;
; N/A                                     ; 119.29 MHz ( period = 8.383 ns )                    ; cnt_scan[6]  ; cnt_scan[15] ; clk        ; clk      ; None                        ; None                      ; 7.674 ns                ;
; N/A                                     ; 119.33 MHz ( period = 8.380 ns )                    ; cnt_scan[2]  ; cnt_scan[16] ; clk        ; clk      ; None                        ; None                      ; 7.671 ns                ;
; N/A                                     ; 119.35 MHz ( period = 8.379 ns )                    ; cnt_scan[6]  ; cnt_scan[13] ; clk        ; clk      ; None                        ; None                      ; 7.670 ns                ;
; N/A                                     ; 119.35 MHz ( period = 8.379 ns )                    ; cnt_scan[1]  ; cnt_scan[10] ; clk        ; clk      ; None                        ; None                      ; 7.670 ns                ;
; N/A                                     ; 119.36 MHz ( period = 8.378 ns )                    ; cnt_scan[15] ; cnt_scan[21] ; clk        ; clk      ; None                        ; None                      ; 7.669 ns                ;
; N/A                                     ; 119.46 MHz ( period = 8.371 ns )                    ; cnt_scan[1]  ; cnt_scan[13] ; clk        ; clk      ; None                        ; None                      ; 7.662 ns                ;
; N/A                                     ; 119.55 MHz ( period = 8.365 ns )                    ; cnt_scan[7]  ; cnt_scan[21] ; clk        ; clk      ; None                        ; None                      ; 7.656 ns                ;
; N/A                                     ; 119.85 MHz ( period = 8.344 ns )                    ; cnt_scan[1]  ; cnt_scan[23] ; clk        ; clk      ; None                        ; None                      ; 7.635 ns                ;
; N/A                                     ; 119.85 MHz ( period = 8.344 ns )                    ; cnt_scan[6]  ; cnt_scan[17] ; clk        ; clk      ; None                        ; None                      ; 7.635 ns                ;
; N/A                                     ; 119.86 MHz ( period = 8.343 ns )                    ; cnt_scan[8]  ; cnt_scan[13] ; clk        ; clk      ; None                        ; None                      ; 7.634 ns                ;
; N/A                                     ; 119.88 MHz ( period = 8.342 ns )                    ; cnt_scan[5]  ; cnt_scan[16] ; clk        ; clk      ; None                        ; None                      ; 7.633 ns                ;
; N/A                                     ; 119.92 MHz ( period = 8.339 ns )                    ; cnt_scan[13] ; cnt_scan[22] ; clk        ; clk      ; None                        ; None                      ; 7.630 ns                ;
; N/A                                     ; 119.96 MHz ( period = 8.336 ns )                    ; cnt_scan[1]  ; cnt_scan[17] ; clk        ; clk      ; None                        ; None                      ; 7.627 ns                ;
; N/A                                     ; 120.03 MHz ( period = 8.331 ns )                    ; cnt_scan[8]  ; cnt_scan[11] ; clk        ; clk      ; None                        ; None                      ; 7.622 ns                ;
; N/A                                     ; 120.06 MHz ( period = 8.329 ns )                    ; cnt_scan[12] ; cnt_scan[16] ; clk        ; clk      ; None                        ; None                      ; 7.620 ns                ;
; N/A                                     ; 120.06 MHz ( period = 8.329 ns )                    ; cnt_scan[7]  ; cnt_scan[10] ; clk        ; clk      ; None                        ; None                      ; 7.620 ns                ;
; N/A                                     ; 120.18 MHz ( period = 8.321 ns )                    ; cnt_scan[7]  ; cnt_scan[13] ; clk        ; clk      ; None                        ; None                      ; 7.612 ns                ;
; N/A                                     ; 120.25 MHz ( period = 8.316 ns )                    ; cnt_scan[8]  ; cnt_scan[23] ; clk        ; clk      ; None                        ; None                      ; 7.607 ns                ;
; N/A                                     ; 120.37 MHz ( period = 8.308 ns )                    ; cnt_scan[8]  ; cnt_scan[17] ; clk        ; clk      ; None                        ; None                      ; 7.599 ns                ;
; N/A                                     ; 120.41 MHz ( period = 8.305 ns )                    ; cnt_scan[1]  ; cnt_scan[20] ; clk        ; clk      ; None                        ; None                      ; 7.596 ns                ;
; N/A                                     ; 120.57 MHz ( period = 8.294 ns )                    ; cnt_scan[7]  ; cnt_scan[23] ; clk        ; clk      ; None                        ; None                      ; 7.585 ns                ;
; N/A                                     ; 120.69 MHz ( period = 8.286 ns )                    ; cnt_scan[7]  ; cnt_scan[17] ; clk        ; clk      ; None                        ; None                      ; 7.577 ns                ;
; N/A                                     ; 120.82 MHz ( period = 8.277 ns )                    ; cnt_scan[8]  ; cnt_scan[20] ; clk        ; clk      ; None                        ; None                      ; 7.568 ns                ;
; N/A                                     ; 120.98 MHz ( period = 8.266 ns )                    ; cnt_scan[4]  ; cnt_scan[11] ; clk        ; clk      ; None                        ; None                      ; 7.557 ns                ;
; N/A                                     ; 121.04 MHz ( period = 8.262 ns )                    ; cnt_scan[13] ; cnt_scan[19] ; clk        ; clk      ; None                        ; None                      ; 7.553 ns                ;
; N/A                                     ; 121.14 MHz ( period = 8.255 ns )                    ; cnt_scan[7]  ; cnt_scan[20] ; clk        ; clk      ; None                        ; None                      ; 7.546 ns                ;
; N/A                                     ; 121.20 MHz ( period = 8.251 ns )                    ; cnt_scan[6]  ; cnt_scan[16] ; clk        ; clk      ; None                        ; None                      ; 7.542 ns                ;
; N/A                                     ; 121.20 MHz ( period = 8.251 ns )                    ; cnt_scan[2]  ; cnt_scan[12] ; clk        ; clk      ; None                        ; None                      ; 7.542 ns                ;
; N/A                                     ; 121.23 MHz ( period = 8.249 ns )                    ; cnt_scan[2]  ; cnt_scan[5]  ; clk        ; clk      ; None                        ; None                      ; 7.540 ns                ;
; N/A                                     ; 121.32 MHz ( period = 8.243 ns )                    ; cnt_scan[9]  ; cnt_scan[22] ; clk        ; clk      ; None                        ; None                      ; 7.534 ns                ;
; N/A                                     ; 121.32 MHz ( period = 8.243 ns )                    ; cnt_scan[1]  ; cnt_scan[16] ; clk        ; clk      ; None                        ; None                      ; 7.534 ns                ;
; N/A                                     ; 121.39 MHz ( period = 8.238 ns )                    ; cnt_scan[8]  ; clk1         ; clk        ; clk      ; None                        ; None                      ; 7.529 ns                ;
; N/A                                     ; 121.45 MHz ( period = 8.234 ns )                    ; cnt_scan[8]  ; cnt_scan[15] ; clk        ; clk      ; None                        ; None                      ; 7.525 ns                ;
; N/A                                     ; 121.58 MHz ( period = 8.225 ns )                    ; cnt_scan[24] ; cnt_scan[11] ; clk        ; clk      ; None                        ; None                      ; 7.516 ns                ;
; N/A                                     ; 121.73 MHz ( period = 8.215 ns )                    ; cnt_scan[8]  ; cnt_scan[16] ; clk        ; clk      ; None                        ; None                      ; 7.506 ns                ;
; N/A                                     ; 121.79 MHz ( period = 8.211 ns )                    ; cnt_scan[3]  ; cnt_scan[9]  ; clk        ; clk      ; None                        ; None                      ; 7.502 ns                ;
; N/A                                     ; 121.88 MHz ( period = 8.205 ns )                    ; cnt_scan[14] ; cnt_scan[22] ; clk        ; clk      ; None                        ; None                      ; 7.496 ns                ;
; N/A                                     ; 122.03 MHz ( period = 8.195 ns )                    ; cnt_scan[13] ; cnt_scan[21] ; clk        ; clk      ; None                        ; None                      ; 7.486 ns                ;
; N/A                                     ; 122.06 MHz ( period = 8.193 ns )                    ; cnt_scan[7]  ; cnt_scan[16] ; clk        ; clk      ; None                        ; None                      ; 7.484 ns                ;
; N/A                                     ; 122.26 MHz ( period = 8.179 ns )                    ; cnt_scan[4]  ; cnt_scan[9]  ; clk        ; clk      ; None                        ; None                      ; 7.470 ns                ;
; N/A                                     ; 122.29 MHz ( period = 8.177 ns )                    ; cnt_scan[6]  ; cnt_scan[12] ; clk        ; clk      ; None                        ; None                      ; 7.468 ns                ;
; N/A                                     ; 122.32 MHz ( period = 8.175 ns )                    ; cnt_scan[6]  ; cnt_scan[5]  ; clk        ; clk      ; None                        ; None                      ; 7.466 ns                ;
; N/A                                     ; 122.41 MHz ( period = 8.169 ns )                    ; cnt_scan[10] ; cnt_scan[22] ; clk        ; clk      ; None                        ; None                      ; 7.460 ns                ;
; N/A                                     ; 122.46 MHz ( period = 8.166 ns )                    ; cnt_scan[9]  ; cnt_scan[19] ; clk        ; clk      ; None                        ; None                      ; 7.457 ns                ;
; N/A                                     ; 122.50 MHz ( period = 8.163 ns )                    ; cnt_scan[11] ; cnt_scan[10] ; clk        ; clk      ; None                        ; None                      ; 7.454 ns                ;
; N/A                                     ; 122.52 MHz ( period = 8.162 ns )                    ; cnt_scan[11] ; cnt_scan[17] ; clk        ; clk      ; None                        ; None                      ; 7.453 ns                ;
; N/A                                     ; 122.55 MHz ( period = 8.160 ns )                    ; cnt_scan[23] ; clk1         ; clk        ; clk      ; None                        ; None                      ; 7.451 ns                ;
; N/A                                     ; 122.68 MHz ( period = 8.151 ns )                    ; cnt_scan[16] ; cnt_scan[22] ; clk        ; clk      ; None                        ; None                      ; 7.442 ns                ;
; N/A                                     ; 122.68 MHz ( period = 8.151 ns )                    ; cnt_scan[11] ; cnt_scan[12] ; clk        ; clk      ; None                        ; None                      ; 7.442 ns                ;
; N/A                                     ; 122.73 MHz ( period = 8.148 ns )                    ; cnt_scan[11] ; cnt_scan[5]  ; clk        ; clk      ; None                        ; None                      ; 7.439 ns                ;
; N/A                                     ; 122.77 MHz ( period = 8.145 ns )                    ; cnt_scan[11] ; cnt_scan[13] ; clk        ; clk      ; None                        ; None                      ; 7.436 ns                ;
; N/A                                     ; 123.03 MHz ( period = 8.128 ns )                    ; cnt_scan[14] ; cnt_scan[19] ; clk        ; clk      ; None                        ; None                      ; 7.419 ns                ;
; N/A                                     ; 123.09 MHz ( period = 8.124 ns )                    ; cnt_scan[13] ; cnt_scan[23] ; clk        ; clk      ; None                        ; None                      ; 7.415 ns                ;
; N/A                                     ; 123.12 MHz ( period = 8.122 ns )                    ; cnt_scan[17] ; cnt_scan[0]  ; clk        ; clk      ; None                        ; None                      ; 7.413 ns                ;
; N/A                                     ; 123.26 MHz ( period = 8.113 ns )                    ; cnt_scan[18] ; cnt_scan[23] ; clk        ; clk      ; None                        ; None                      ; 7.404 ns                ;
; N/A                                     ; 123.37 MHz ( period = 8.106 ns )                    ; cnt_scan[18] ; cnt_scan[10] ; clk        ; clk      ; None                        ; None                      ; 7.397 ns                ;
; N/A                                     ; 123.38 MHz ( period = 8.105 ns )                    ; cnt_scan[18] ; cnt_scan[17] ; clk        ; clk      ; None                        ; None                      ; 7.396 ns                ;
; N/A                                     ; 123.46 MHz ( period = 8.100 ns )                    ; cnt_scan[18] ; cnt_scan[18] ; clk        ; clk      ; None                        ; None                      ; 7.391 ns                ;
; N/A                                     ; 123.47 MHz ( period = 8.099 ns )                    ; cnt_scan[9]  ; cnt_scan[21] ; clk        ; clk      ; None                        ; None                      ; 7.390 ns                ;
; N/A                                     ; 123.55 MHz ( period = 8.094 ns )                    ; cnt_scan[18] ; cnt_scan[12] ; clk        ; clk      ; None                        ; None                      ; 7.385 ns                ;
; N/A                                     ; 123.58 MHz ( period = 8.092 ns )                    ; cnt_scan[10] ; cnt_scan[19] ; clk        ; clk      ; None                        ; None                      ; 7.383 ns                ;
; N/A                                     ; 123.59 MHz ( period = 8.091 ns )                    ; cnt_scan[18] ; cnt_scan[5]  ; clk        ; clk      ; None                        ; None                      ; 7.382 ns                ;
; N/A                                     ; 123.64 MHz ( period = 8.088 ns )                    ; cnt_scan[18] ; cnt_scan[13] ; clk        ; clk      ; None                        ; None                      ; 7.379 ns                ;
; N/A                                     ; 123.69 MHz ( period = 8.085 ns )                    ; cnt_scan[13] ; cnt_scan[20] ; clk        ; clk      ; None                        ; None                      ; 7.376 ns                ;
; N/A                                     ; 123.82 MHz ( period = 8.076 ns )                    ; cnt_scan[2]  ; cnt_scan[9]  ; clk        ; clk      ; None                        ; None                      ; 7.367 ns                ;
; N/A                                     ; 123.85 MHz ( period = 8.074 ns )                    ; cnt_scan[16] ; cnt_scan[19] ; clk        ; clk      ; None                        ; None                      ; 7.365 ns                ;
; N/A                                     ; 124.05 MHz ( period = 8.061 ns )                    ; cnt_scan[14] ; cnt_scan[21] ; clk        ; clk      ; None                        ; None                      ; 7.352 ns                ;
; N/A                                     ; 124.08 MHz ( period = 8.059 ns )                    ; cnt_scan[11] ; cnt_scan[22] ; clk        ; clk      ; None                        ; None                      ; 7.350 ns                ;
; N/A                                     ; 124.15 MHz ( period = 8.055 ns )                    ; cnt_scan[9]  ; cnt_scan[13] ; clk        ; clk      ; None                        ; None                      ; 7.346 ns                ;
; N/A                                     ; 124.41 MHz ( period = 8.038 ns )                    ; cnt_scan[5]  ; cnt_scan[9]  ; clk        ; clk      ; None                        ; None                      ; 7.329 ns                ;
; N/A                                     ; 124.42 MHz ( period = 8.037 ns )                    ; cnt_scan[8]  ; cnt_scan[10] ; clk        ; clk      ; None                        ; None                      ; 7.328 ns                ;
; N/A                                     ; 124.56 MHz ( period = 8.028 ns )                    ; cnt_scan[9]  ; cnt_scan[23] ; clk        ; clk      ; None                        ; None                      ; 7.319 ns                ;
; N/A                                     ; 124.56 MHz ( period = 8.028 ns )                    ; cnt_scan[8]  ; cnt_scan[12] ; clk        ; clk      ; None                        ; None                      ; 7.319 ns                ;
; N/A                                     ; 124.60 MHz ( period = 8.026 ns )                    ; cnt_scan[1]  ; cnt_scan[11] ; clk        ; clk      ; None                        ; None                      ; 7.317 ns                ;
; N/A                                     ; 124.60 MHz ( period = 8.026 ns )                    ; cnt_scan[8]  ; cnt_scan[5]  ; clk        ; clk      ; None                        ; None                      ; 7.317 ns                ;
; N/A                                     ; 124.61 MHz ( period = 8.025 ns )                    ; cnt_scan[10] ; cnt_scan[21] ; clk        ; clk      ; None                        ; None                      ; 7.316 ns                ;
; N/A                                     ; 124.69 MHz ( period = 8.020 ns )                    ; cnt_scan[9]  ; cnt_scan[17] ; clk        ; clk      ; None                        ; None                      ; 7.311 ns                ;
; N/A                                     ; 124.89 MHz ( period = 8.007 ns )                    ; cnt_scan[16] ; cnt_scan[21] ; clk        ; clk      ; None                        ; None                      ; 7.298 ns                ;
; N/A                                     ; 124.92 MHz ( period = 8.005 ns )                    ; cnt_scan[0]  ; cnt_scan[18] ; clk        ; clk      ; None                        ; None                      ; 7.296 ns                ;
; N/A                                     ; 125.16 MHz ( period = 7.990 ns )                    ; cnt_scan[14] ; cnt_scan[23] ; clk        ; clk      ; None                        ; None                      ; 7.281 ns                ;
; N/A                                     ; 125.17 MHz ( period = 7.989 ns )                    ; cnt_scan[9]  ; cnt_scan[20] ; clk        ; clk      ; None                        ; None                      ; 7.280 ns                ;
; Timing analysis restricted to 200 rows. ; To change the limit use Settings (Assignments menu) ;              ;              ;            ;          ;                             ;                           ;                         ;
+-----------------------------------------+-----------------------------------------------------+--------------+--------------+------------+----------+-----------------------------+---------------------------+-------------------------+


+-------------------------------------------------------------+
; tsu                                                         ;
+-------+--------------+------------+-------+------+----------+
; Slack ; Required tsu ; Actual tsu ; From  ; To   ; To Clock ;
+-------+--------------+------------+-------+------+----------+
; N/A   ; None         ; 0.764 ns   ; reset ; clk1 ; clk      ;
+-------+--------------+------------+-------+------+----------+


+-------------------------------------------------------------------------------+
; tco                                                                           ;
+-------+--------------+------------+-----------------+------------+------------+
; Slack ; Required tco ; Actual tco ; From            ; To         ; From Clock ;
+-------+--------------+------------+-----------------+------------+------------+
; N/A   ; None         ; 21.682 ns  ; scanout[1]~reg0 ; segout[1]  ; clk        ;
; N/A   ; None         ; 21.452 ns  ; scanout[1]~reg0 ; segout[5]  ; clk        ;
; N/A   ; None         ; 21.213 ns  ; scanout[2]~reg0 ; segout[2]  ; clk        ;
; N/A   ; None         ; 21.163 ns  ; scanout[2]~reg0 ; segout[4]  ; clk        ;
; N/A   ; None         ; 21.083 ns  ; scanout[1]~reg0 ; segout[2]  ; clk        ;
; N/A   ; None         ; 21.032 ns  ; scanout[0]~reg0 ; segout[2]  ; clk        ;
; N/A   ; None         ; 21.002 ns  ; scanout[1]~reg0 ; segout[0]  ; clk        ;
; N/A   ; None         ; 20.835 ns  ; scanout[2]~reg0 ; segout[1]  ; clk        ;
; N/A   ; None         ; 20.624 ns  ; scanout[0]~reg0 ; segout[4]  ; clk        ;
; N/A   ; None         ; 20.456 ns  ; scanout[2]~reg0 ; segout[0]  ; clk        ;
; N/A   ; None         ; 20.426 ns  ; scanout[0]~reg0 ; segout[1]  ; clk        ;
; N/A   ; None         ; 20.275 ns  ; scanout[0]~reg0 ; segout[0]  ; clk        ;
; N/A   ; None         ; 19.944 ns  ; scanout[0]~reg0 ; segout[5]  ; clk        ;
; N/A   ; None         ; 19.848 ns  ; scanout[1]~reg0 ; segout[4]  ; clk        ;
; N/A   ; None         ; 19.824 ns  ; scanout[2]~reg0 ; segout[3]  ; clk        ;
; N/A   ; None         ; 19.813 ns  ; scanout[1]~reg0 ; segout[3]  ; clk        ;
; N/A   ; None         ; 19.643 ns  ; scanout[0]~reg0 ; segout[3]  ; clk        ;
; N/A   ; None         ; 19.225 ns  ; q[0][0]         ; segout[0]  ; clk        ;
; N/A   ; None         ; 19.216 ns  ; scanout[2]~reg0 ; segout[5]  ; clk        ;
; N/A   ; None         ; 19.177 ns  ; q[3][4]         ; segout[4]  ; clk        ;
; N/A   ; None         ; 18.826 ns  ; q[3][5]         ; segout[5]  ; clk        ;
; N/A   ; None         ; 18.762 ns  ; q[0][1]         ; segout[1]  ; clk        ;
; N/A   ; None         ; 17.972 ns  ; q[3][1]         ; segout[1]  ; clk        ;
; N/A   ; None         ; 17.400 ns  ; q[3][2]         ; segout[2]  ; clk        ;
; N/A   ; None         ; 17.365 ns  ; q[1][5]         ; segout[5]  ; clk        ;
; N/A   ; None         ; 16.760 ns  ; q[2][2]         ; segout[2]  ; clk        ;
; N/A   ; None         ; 16.731 ns  ; q[2][1]         ; segout[1]  ; clk        ;
; N/A   ; None         ; 16.480 ns  ; q[0][2]         ; segout[2]  ; clk        ;
; N/A   ; None         ; 16.412 ns  ; q[3][0]         ; segout[0]  ; clk        ;
; N/A   ; None         ; 16.404 ns  ; q[2][0]         ; segout[0]  ; clk        ;
; N/A   ; None         ; 16.293 ns  ; scanout[1]~reg0 ; scanout[1] ; clk        ;
; N/A   ; None         ; 16.279 ns  ; q[0][4]         ; segout[4]  ; clk        ;
; N/A   ; None         ; 16.000 ns  ; q[1][4]         ; segout[4]  ; clk        ;
; N/A   ; None         ; 15.937 ns  ; scanout[0]~reg0 ; scanout[0] ; clk        ;
; N/A   ; None         ; 15.778 ns  ; q[3][3]         ; segout[3]  ; clk        ;
; N/A   ; None         ; 15.619 ns  ; q[0][5]         ; segout[5]  ; clk        ;
; N/A   ; None         ; 15.566 ns  ; q[2][3]         ; segout[3]  ; clk        ;
; N/A   ; None         ; 15.273 ns  ; q[0][3]         ; segout[3]  ; clk        ;
; N/A   ; None         ; 15.258 ns  ; scanout[2]~reg0 ; scanout[2] ; clk        ;
; N/A   ; None         ; 15.124 ns  ; q[1][1]         ; segout[1]  ; clk        ;
; N/A   ; None         ; 14.974 ns  ; q[1][0]         ; segout[0]  ; clk        ;
; N/A   ; None         ; 14.690 ns  ; q[2][5]         ; segout[5]  ; clk        ;
; N/A   ; None         ; 14.492 ns  ; q[1][2]         ; segout[2]  ; clk        ;
; N/A   ; None         ; 14.374 ns  ; q[2][4]         ; segout[4]  ; clk        ;
; N/A   ; None         ; 14.340 ns  ; q[1][3]         ; segout[3]  ; clk        ;
+-------+--------------+------------+-----------------+------------+------------+


+-------------------------------------------------------------------+
; th                                                                ;
+---------------+-------------+-----------+-------+------+----------+
; Minimum Slack ; Required th ; Actual th ; From  ; To   ; To Clock ;
+---------------+-------------+-----------+-------+------+----------+
; N/A           ; None        ; -0.210 ns ; reset ; clk1 ; clk      ;
+---------------+-------------+-----------+-------+------+----------+


+--------------------------+
; Timing Analyzer Messages ;
+--------------------------+
Info: *******************************************************************
Info: Running Quartus II Classic Timing Analyzer
    Info: Version 8.1 Build 163 10/28/2008 SJ Web Edition
    Info: Processing started: Thu Oct 21 11:32:57 2021
Info: Command: quartus_tan --read_settings_files=off --write_settings_files=off sevenLed -c sevenLed
Info: Started post-fitting delay annotation
Info: Delay annotation completed successfully
Warning: Found pins functioning as undefined clocks and/or memory enables
    Info: Assuming node "clk" is an undefined clock
Warning: Found 2 node(s) in clock paths which may be acting as ripple and/or gated clocks -- node(s) analyzed as buffer(s) resulting in clock skew
    Info: Detected ripple clock "cnt_scan[15]" as buffer
    Info: Detected ripple clock "clk1" as buffer
Info: Clock "clk" has Internal fmax of 96.65 MHz between source register "cnt_scan[3]" and destination register "cnt_scan[11]" (period= 10.347 ns)
    Info: + Longest register to register delay is 9.638 ns
        Info: 1: + IC(0.000 ns) + CELL(0.000 ns) = 0.000 ns; Loc. = LC_X10_Y4_N5; Fanout = 4; REG Node = 'cnt_scan[3]'
        Info: 2: + IC(2.166 ns) + CELL(0.740 ns) = 2.906 ns; Loc. = LC_X10_Y4_N2; Fanout = 1; COMB Node = 'Equal0~287'
        Info: 3: + IC(2.566 ns) + CELL(0.914 ns) = 6.386 ns; Loc. = LC_X10_Y3_N0; Fanout = 14; COMB Node = 'Equal0~288'
        Info: 4: + IC(2.069 ns) + CELL(1.183 ns) = 9.638 ns; Loc. = LC_X10_Y4_N7; Fanout = 4; REG Node = 'cnt_scan[11]'
        Info: Total cell delay = 2.837 ns ( 29.44 % )
        Info: Total interconnect delay = 6.801 ns ( 70.56 % )
    Info: - Smallest clock skew is 0.000 ns
        Info: + Shortest clock path from clock "clk" to destination register is 3.681 ns
            Info: 1: + IC(0.000 ns) + CELL(1.163 ns) = 1.163 ns; Loc. = PIN_18; Fanout = 27; CLK Node = 'clk'
            Info: 2: + IC(1.600 ns) + CELL(0.918 ns) = 3.681 ns; Loc. = LC_X10_Y4_N7; Fanout = 4; REG Node = 'cnt_scan[11]'
            Info: Total cell delay = 2.081 ns ( 56.53 % )
            Info: Total interconnect delay = 1.600 ns ( 43.47 % )
        Info: - Longest clock path from clock "clk" to source register is 3.681 ns
            Info: 1: + IC(0.000 ns) + CELL(1.163 ns) = 1.163 ns; Loc. = PIN_18; Fanout = 27; CLK Node = 'clk'
            Info: 2: + IC(1.600 ns) + CELL(0.918 ns) = 3.681 ns; Loc. = LC_X10_Y4_N5; Fanout = 4; REG Node = 'cnt_scan[3]'
            Info: Total cell delay = 2.081 ns ( 56.53 % )
            Info: Total interconnect delay = 1.600 ns ( 43.47 % )
    Info: + Micro clock to output delay of source is 0.376 ns
    Info: + Micro setup delay of destination is 0.333 ns
Info: tsu for register "clk1" (data pin = "reset", clock pin = "clk") is 0.764 ns
    Info: + Longest pin to register delay is 4.112 ns
        Info: 1: + IC(0.000 ns) + CELL(1.163 ns) = 1.163 ns; Loc. = PIN_89; Fanout = 51; PIN Node = 'reset'
        Info: 2: + IC(2.358 ns) + CELL(0.591 ns) = 4.112 ns; Loc. = LC_X12_Y4_N0; Fanout = 25; REG Node = 'clk1'
        Info: Total cell delay = 1.754 ns ( 42.66 % )
        Info: Total interconnect delay = 2.358 ns ( 57.34 % )
    Info: + Micro setup delay of destination is 0.333 ns
    Info: - Shortest clock path from clock "clk" to destination register is 3.681 ns
        Info: 1: + IC(0.000 ns) + CELL(1.163 ns) = 1.163 ns; Loc. = PIN_18; Fanout = 27; CLK Node = 'clk'
        Info: 2: + IC(1.600 ns) + CELL(0.918 ns) = 3.681 ns; Loc. = LC_X12_Y4_N0; Fanout = 25; REG Node = 'clk1'
        Info: Total cell delay = 2.081 ns ( 56.53 % )
        Info: Total interconnect delay = 1.600 ns ( 43.47 % )
Info: tco from clock "clk" to destination pin "segout[1]" through register "scanout[1]~reg0" is 21.682 ns
    Info: + Longest clock path from clock "clk" to source register is 9.901 ns
        Info: 1: + IC(0.000 ns) + CELL(1.163 ns) = 1.163 ns; Loc. = PIN_18; Fanout = 27; CLK Node = 'clk'
        Info: 2: + IC(1.600 ns) + CELL(1.294 ns) = 4.057 ns; Loc. = LC_X12_Y4_N3; Fanout = 7; REG Node = 'cnt_scan[15]'
        Info: 3: + IC(4.926 ns) + CELL(0.918 ns) = 9.901 ns; Loc. = LC_X7_Y5_N4; Fanout = 6; REG Node = 'scanout[1]~reg0'
        Info: Total cell delay = 3.375 ns ( 34.09 % )
        Info: Total interconnect delay = 6.526 ns ( 65.91 % )
    Info: + Micro clock to output delay of source is 0.376 ns
    Info: + Longest register to pin delay is 11.405 ns
        Info: 1: + IC(0.000 ns) + CELL(0.000 ns) = 0.000 ns; Loc. = LC_X7_Y5_N4; Fanout = 6; REG Node = 'scanout[1]~reg0'
        Info: 2: + IC(3.260 ns) + CELL(0.511 ns) = 3.771 ns; Loc. = LC_X7_Y4_N1; Fanout = 6; COMB Node = 'Mux5~178'
        Info: 3: + IC(1.836 ns) + CELL(0.740 ns) = 6.347 ns; Loc. = LC_X8_Y4_N5; Fanout = 1; COMB Node = 'Mux4'
        Info: 4: + IC(2.736 ns) + CELL(2.322 ns) = 11.405 ns; Loc. = PIN_132; Fanout = 0; PIN Node = 'segout[1]'
        Info: Total cell delay = 3.573 ns ( 31.33 % )
        Info: Total interconnect delay = 7.832 ns ( 68.67 % )
Info: th for register "clk1" (data pin = "reset", clock pin = "clk") is -0.210 ns
    Info: + Longest clock path from clock "clk" to destination register is 3.681 ns
        Info: 1: + IC(0.000 ns) + CELL(1.163 ns) = 1.163 ns; Loc. = PIN_18; Fanout = 27; CLK Node = 'clk'
        Info: 2: + IC(1.600 ns) + CELL(0.918 ns) = 3.681 ns; Loc. = LC_X12_Y4_N0; Fanout = 25; REG Node = 'clk1'
        Info: Total cell delay = 2.081 ns ( 56.53 % )
        Info: Total interconnect delay = 1.600 ns ( 43.47 % )
    Info: + Micro hold delay of destination is 0.221 ns
    Info: - Shortest pin to register delay is 4.112 ns
        Info: 1: + IC(0.000 ns) + CELL(1.163 ns) = 1.163 ns; Loc. = PIN_89; Fanout = 51; PIN Node = 'reset'
        Info: 2: + IC(2.358 ns) + CELL(0.591 ns) = 4.112 ns; Loc. = LC_X12_Y4_N0; Fanout = 25; REG Node = 'clk1'
        Info: Total cell delay = 1.754 ns ( 42.66 % )
        Info: Total interconnect delay = 2.358 ns ( 57.34 % )
Info: Quartus II Classic Timing Analyzer was successful. 0 errors, 2 warnings
    Info: Peak virtual memory: 190 megabytes
    Info: Processing ended: Thu Oct 21 11:32:57 2021
    Info: Elapsed time: 00:00:00
    Info: Total CPU time (on all processors): 00:00:00


